[ 2017-12-01T10:29:50+08:00 ] 192.168.8.105 /index.php/News/index
INFO: [ app_init ] --START--
INFO: Run Behavior\BuildLiteBehavior [ RunTime:0.000011s ]
INFO: [ app_init ] --END-- [ RunTime:0.000623s ]
INFO: [ app_begin ] --START--
INFO: Run Behavior\ReadHtmlCacheBehavior [ RunTime:0.000778s ]
INFO: [ app_begin ] --END-- [ RunTime:0.000823s ]
SQL: SHOW COLUMNS FROM `news` [ RunTime:0.0412s ]
SQL: SHOW COLUMNS FROM `user` [ RunTime:0.0210s ]
SQL: SHOW COLUMNS FROM `category` [ RunTime:0.0208s ]
SQL: SELECT * FROM `category`  [ RunTime:0.0003s ]
SQL: SELECT COUNT(*) AS tp_count FROM `news` WHERE ( grade = 3 ) LIMIT 1   [ RunTime:0.0016s ]
SQL: SELECT `news_id`,`times`,`title`,`ctime`,`admin_id`,`source`,`cover_img`,`grade`,`profile` FROM `news` WHERE ( grade=3 ) ORDER BY times DESC,utime DESC LIMIT 0,10   [ RunTime:0.0006s ]
SQL: SHOW COLUMNS FROM `admin` [ RunTime:0.0212s ]
SQL: SELECT `username` FROM `admin` WHERE ( id=1 ) LIMIT 1   [ RunTime:0.0011s ]
SQL: SELECT `username` FROM `admin` WHERE ( id=1 ) LIMIT 1   [ RunTime:0.0003s ]
SQL: SELECT `username` FROM `admin` WHERE ( id=1 ) LIMIT 1   [ RunTime:0.0002s ]
SQL: SELECT `username` FROM `admin` WHERE ( id=1 ) LIMIT 1   [ RunTime:0.0002s ]
SQL: SELECT `username` FROM `admin` WHERE ( id=1 ) LIMIT 1   [ RunTime:0.0002s ]
SQL: SELECT `username` FROM `admin` WHERE ( id=1 ) LIMIT 1   [ RunTime:0.0002s ]
SQL: SELECT `username` FROM `admin` WHERE ( id=1 ) LIMIT 1   [ RunTime:0.0002s ]
SQL: SELECT `username` FROM `admin` WHERE ( id=1 ) LIMIT 1   [ RunTime:0.0002s ]
SQL: SELECT `username` FROM `admin` WHERE ( id=1 ) LIMIT 1   [ RunTime:0.0002s ]
SQL: SELECT `username` FROM `admin` WHERE ( id=1 ) LIMIT 1   [ RunTime:0.0002s ]
SQL: SELECT `news_id`,`title`,`ctime`,`admin_id`,`source`,`cover_img`,`grade`,`profile` FROM `news` WHERE ( grade in (1,2) ) ORDER BY utime DESC  [ RunTime:0.0012s ]

[ 2017-12-01T10:30:08+08:00 ] 192.168.8.105 /index.php/News/index
INFO: [ app_init ] --START--
INFO: Run Behavior\BuildLiteBehavior [ RunTime:0.000025s ]
INFO: [ app_init ] --END-- [ RunTime:0.000705s ]
INFO: [ app_begin ] --START--
INFO: Run Behavior\ReadHtmlCacheBehavior [ RunTime:0.001012s ]
INFO: [ app_begin ] --END-- [ RunTime:0.001103s ]
SQL: SHOW COLUMNS FROM `news` [ RunTime:0.0235s ]
SQL: SHOW COLUMNS FROM `user` [ RunTime:0.0283s ]
SQL: SHOW COLUMNS FROM `category` [ RunTime:0.0320s ]
SQL: SELECT * FROM `category`  [ RunTime:0.0003s ]
SQL: SELECT COUNT(*) AS tp_count FROM `news` WHERE ( grade = 3 ) LIMIT 1   [ RunTime:0.0006s ]
SQL: SELECT `news_id`,`times`,`title`,`ctime`,`admin_id`,`source`,`cover_img`,`grade`,`profile` FROM `news` WHERE ( grade=3 ) ORDER BY times DESC,utime DESC LIMIT 0,10   [ RunTime:0.0007s ]
SQL: SHOW COLUMNS FROM `admin` [ RunTime:0.0436s ]
SQL: SELECT `username` FROM `admin` WHERE ( id=1 ) LIMIT 1   [ RunTime:0.0004s ]
SQL: SELECT `username` FROM `admin` WHERE ( id=1 ) LIMIT 1   [ RunTime:0.0003s ]
SQL: SELECT `username` FROM `admin` WHERE ( id=1 ) LIMIT 1   [ RunTime:0.0005s ]
SQL: SELECT `username` FROM `admin` WHERE ( id=1 ) LIMIT 1   [ RunTime:0.0002s ]
SQL: SELECT `username` FROM `admin` WHERE ( id=1 ) LIMIT 1   [ RunTime:0.0003s ]
SQL: SELECT `username` FROM `admin` WHERE ( id=1 ) LIMIT 1   [ RunTime:0.0011s ]
SQL: SELECT `username` FROM `admin` WHERE ( id=1 ) LIMIT 1   [ RunTime:0.0007s ]
SQL: SELECT `username` FROM `admin` WHERE ( id=1 ) LIMIT 1   [ RunTime:0.0003s ]
SQL: SELECT `username` FROM `admin` WHERE ( id=1 ) LIMIT 1   [ RunTime:0.0002s ]
SQL: SELECT `username` FROM `admin` WHERE ( id=1 ) LIMIT 1   [ RunTime:0.0002s ]
SQL: SELECT `news_id`,`title`,`ctime`,`admin_id`,`source`,`cover_img`,`grade`,`profile` FROM `news` WHERE ( grade in (1,2) ) ORDER BY utime DESC  [ RunTime:0.0017s ]

[ 2017-12-01T10:31:06+08:00 ] 192.168.8.105 /index.php/News/index
INFO: [ app_init ] --START--
INFO: Run Behavior\BuildLiteBehavior [ RunTime:0.000012s ]
INFO: [ app_init ] --END-- [ RunTime:0.000488s ]
INFO: [ app_begin ] --START--
INFO: Run Behavior\ReadHtmlCacheBehavior [ RunTime:0.000827s ]
INFO: [ app_begin ] --END-- [ RunTime:0.000902s ]
SQL: SHOW COLUMNS FROM `news` [ RunTime:0.0473s ]
SQL: SHOW COLUMNS FROM `user` [ RunTime:0.0243s ]
SQL: SHOW COLUMNS FROM `category` [ RunTime:0.0197s ]
SQL: SELECT * FROM `category`  [ RunTime:0.0003s ]
SQL: SELECT COUNT(*) AS tp_count FROM `news` WHERE ( grade = 3 ) LIMIT 1   [ RunTime:0.0004s ]
SQL: SELECT `news_id`,`times`,`title`,`ctime`,`admin_id`,`source`,`cover_img`,`grade`,`profile` FROM `news` WHERE ( grade=3 ) ORDER BY times DESC,utime DESC LIMIT 0,10   [ RunTime:0.0005s ]
SQL: SHOW COLUMNS FROM `admin` [ RunTime:0.0170s ]
SQL: SELECT `username` FROM `admin` WHERE ( id=1 ) LIMIT 1   [ RunTime:0.0003s ]
SQL: SELECT `username` FROM `admin` WHERE ( id=1 ) LIMIT 1   [ RunTime:0.0002s ]
SQL: SELECT `username` FROM `admin` WHERE ( id=1 ) LIMIT 1   [ RunTime:0.0002s ]
SQL: SELECT `username` FROM `admin` WHERE ( id=1 ) LIMIT 1   [ RunTime:0.0002s ]
SQL: SELECT `username` FROM `admin` WHERE ( id=1 ) LIMIT 1   [ RunTime:0.0002s ]
SQL: SELECT `username` FROM `admin` WHERE ( id=1 ) LIMIT 1   [ RunTime:0.0002s ]
SQL: SELECT `username` FROM `admin` WHERE ( id=1 ) LIMIT 1   [ RunTime:0.0002s ]
SQL: SELECT `username` FROM `admin` WHERE ( id=1 ) LIMIT 1   [ RunTime:0.0002s ]
SQL: SELECT `username` FROM `admin` WHERE ( id=1 ) LIMIT 1   [ RunTime:0.0002s ]
SQL: SELECT `username` FROM `admin` WHERE ( id=1 ) LIMIT 1   [ RunTime:0.0002s ]
SQL: SELECT `news_id`,`title`,`ctime`,`admin_id`,`source`,`cover_img`,`grade`,`profile` FROM `news` WHERE ( grade in (1,2) ) ORDER BY utime DESC  [ RunTime:0.0025s ]

[ 2017-12-01T10:31:42+08:00 ] 192.168.8.105 /index.php/News/index
INFO: [ app_init ] --START--
INFO: Run Behavior\BuildLiteBehavior [ RunTime:0.000016s ]
INFO: [ app_init ] --END-- [ RunTime:0.000686s ]
INFO: [ app_begin ] --START--
INFO: Run Behavior\ReadHtmlCacheBehavior [ RunTime:0.000642s ]
INFO: [ app_begin ] --END-- [ RunTime:0.000694s ]
SQL: SHOW COLUMNS FROM `news` [ RunTime:0.0222s ]
SQL: SHOW COLUMNS FROM `user` [ RunTime:0.0190s ]
SQL: SHOW COLUMNS FROM `category` [ RunTime:0.0215s ]
SQL: SELECT * FROM `category`  [ RunTime:0.0003s ]
SQL: SELECT COUNT(*) AS tp_count FROM `news` WHERE ( grade = 3 ) LIMIT 1   [ RunTime:0.0004s ]
SQL: SELECT `news_id`,`times`,`title`,`ctime`,`admin_id`,`source`,`cover_img`,`grade`,`profile` FROM `news` WHERE ( grade=3 ) ORDER BY times DESC,utime DESC LIMIT 0,10   [ RunTime:0.0011s ]
SQL: SHOW COLUMNS FROM `admin` [ RunTime:0.0222s ]
SQL: SELECT `username` FROM `admin` WHERE ( id=1 ) LIMIT 1   [ RunTime:0.0004s ]
SQL: SELECT `username` FROM `admin` WHERE ( id=1 ) LIMIT 1   [ RunTime:0.0002s ]
SQL: SELECT `username` FROM `admin` WHERE ( id=1 ) LIMIT 1   [ RunTime:0.0002s ]
SQL: SELECT `username` FROM `admin` WHERE ( id=1 ) LIMIT 1   [ RunTime:0.0002s ]
SQL: SELECT `username` FROM `admin` WHERE ( id=1 ) LIMIT 1   [ RunTime:0.0002s ]
SQL: SELECT `username` FROM `admin` WHERE ( id=1 ) LIMIT 1   [ RunTime:0.0002s ]
SQL: SELECT `username` FROM `admin` WHERE ( id=1 ) LIMIT 1   [ RunTime:0.0002s ]
SQL: SELECT `username` FROM `admin` WHERE ( id=1 ) LIMIT 1   [ RunTime:0.0002s ]
SQL: SELECT `username` FROM `admin` WHERE ( id=1 ) LIMIT 1   [ RunTime:0.0002s ]
SQL: SELECT `username` FROM `admin` WHERE ( id=1 ) LIMIT 1   [ RunTime:0.0003s ]
SQL: SELECT `news_id`,`title`,`ctime`,`admin_id`,`source`,`cover_img`,`grade`,`profile` FROM `news` WHERE ( grade in (1,2) ) ORDER BY utime DESC  [ RunTime:0.0017s ]

[ 2017-12-01T10:35:56+08:00 ] 192.168.8.105 /index.php/News/index
INFO: [ app_init ] --START--
INFO: Run Behavior\BuildLiteBehavior [ RunTime:0.000010s ]
INFO: [ app_init ] --END-- [ RunTime:0.000566s ]
INFO: [ app_begin ] --START--
INFO: Run Behavior\ReadHtmlCacheBehavior [ RunTime:0.000869s ]
INFO: [ app_begin ] --END-- [ RunTime:0.000915s ]
SQL: SHOW COLUMNS FROM `news` [ RunTime:0.0235s ]
SQL: SHOW COLUMNS FROM `user` [ RunTime:0.0217s ]
SQL: SHOW COLUMNS FROM `category` [ RunTime:0.0185s ]
SQL: SELECT * FROM `category`  [ RunTime:0.0003s ]
SQL: SELECT COUNT(*) AS tp_count FROM `news` WHERE ( grade = 3 ) LIMIT 1   [ RunTime:0.0003s ]
SQL: SELECT `news_id`,`times`,`title`,`ctime`,`admin_id`,`source`,`cover_img`,`grade`,`profile` FROM `news` WHERE ( grade=3 ) ORDER BY times DESC,utime DESC LIMIT 0,10   [ RunTime:0.0005s ]
SQL: SHOW COLUMNS FROM `admin` [ RunTime:0.0167s ]
SQL: SELECT `username` FROM `admin` WHERE ( id=1 ) LIMIT 1   [ RunTime:0.0003s ]
SQL: SELECT `username` FROM `admin` WHERE ( id=1 ) LIMIT 1   [ RunTime:0.0003s ]
SQL: SELECT `username` FROM `admin` WHERE ( id=1 ) LIMIT 1   [ RunTime:0.0003s ]
SQL: SELECT `username` FROM `admin` WHERE ( id=1 ) LIMIT 1   [ RunTime:0.0003s ]
SQL: SELECT `username` FROM `admin` WHERE ( id=1 ) LIMIT 1   [ RunTime:0.0002s ]
SQL: SELECT `username` FROM `admin` WHERE ( id=1 ) LIMIT 1   [ RunTime:0.0002s ]
SQL: SELECT `username` FROM `admin` WHERE ( id=1 ) LIMIT 1   [ RunTime:0.0003s ]
SQL: SELECT `username` FROM `admin` WHERE ( id=1 ) LIMIT 1   [ RunTime:0.0003s ]
SQL: SELECT `username` FROM `admin` WHERE ( id=1 ) LIMIT 1   [ RunTime:0.0003s ]
SQL: SELECT `username` FROM `admin` WHERE ( id=1 ) LIMIT 1   [ RunTime:0.0002s ]
SQL: SELECT `news_id`,`title`,`ctime`,`admin_id`,`source`,`cover_img`,`grade`,`profile` FROM `news` WHERE ( grade in (1,2) ) ORDER BY utime DESC  [ RunTime:0.0014s ]

[ 2017-12-01T10:36:06+08:00 ] 192.168.8.105 /index.php/News/index
INFO: [ app_init ] --START--
INFO: Run Behavior\BuildLiteBehavior [ RunTime:0.000011s ]
INFO: [ app_init ] --END-- [ RunTime:0.000423s ]
INFO: [ app_begin ] --START--
INFO: Run Behavior\ReadHtmlCacheBehavior [ RunTime:0.000512s ]
INFO: [ app_begin ] --END-- [ RunTime:0.000554s ]
SQL: SHOW COLUMNS FROM `news` [ RunTime:0.0296s ]
SQL: SHOW COLUMNS FROM `user` [ RunTime:0.0177s ]
SQL: SHOW COLUMNS FROM `category` [ RunTime:0.0188s ]
SQL: SELECT * FROM `category`  [ RunTime:0.0003s ]
SQL: SELECT COUNT(*) AS tp_count FROM `news` WHERE ( grade = 3 ) LIMIT 1   [ RunTime:0.0003s ]
SQL: SELECT `news_id`,`times`,`title`,`ctime`,`admin_id`,`source`,`cover_img`,`grade`,`profile` FROM `news` WHERE ( grade=3 ) ORDER BY times DESC,utime DESC LIMIT 0,10   [ RunTime:0.0006s ]
SQL: SHOW COLUMNS FROM `admin` [ RunTime:0.0174s ]
SQL: SELECT `username` FROM `admin` WHERE ( id=1 ) LIMIT 1   [ RunTime:0.0003s ]
SQL: SELECT `username` FROM `admin` WHERE ( id=1 ) LIMIT 1   [ RunTime:0.0002s ]
SQL: SELECT `username` FROM `admin` WHERE ( id=1 ) LIMIT 1   [ RunTime:0.0002s ]
SQL: SELECT `username` FROM `admin` WHERE ( id=1 ) LIMIT 1   [ RunTime:0.0002s ]
SQL: SELECT `username` FROM `admin` WHERE ( id=1 ) LIMIT 1   [ RunTime:0.0002s ]
SQL: SELECT `username` FROM `admin` WHERE ( id=1 ) LIMIT 1   [ RunTime:0.0002s ]
SQL: SELECT `username` FROM `admin` WHERE ( id=1 ) LIMIT 1   [ RunTime:0.0002s ]
SQL: SELECT `username` FROM `admin` WHERE ( id=1 ) LIMIT 1   [ RunTime:0.0002s ]
SQL: SELECT `username` FROM `admin` WHERE ( id=1 ) LIMIT 1   [ RunTime:0.0002s ]
SQL: SELECT `username` FROM `admin` WHERE ( id=1 ) LIMIT 1   [ RunTime:0.0002s ]
SQL: SELECT `news_id`,`title`,`ctime`,`admin_id`,`source`,`cover_img`,`grade`,`profile` FROM `news` WHERE ( grade in (1,2) ) ORDER BY utime DESC  [ RunTime:0.0013s ]

[ 2017-12-01T10:38:37+08:00 ] 192.168.8.105 /index.php/News/new_detail
INFO: [ app_init ] --START--
INFO: Run Behavior\BuildLiteBehavior [ RunTime:0.000013s ]
INFO: [ app_init ] --END-- [ RunTime:0.000957s ]
INFO: [ app_begin ] --START--
INFO: Run Behavior\ReadHtmlCacheBehavior [ RunTime:0.000763s ]
INFO: [ app_begin ] --END-- [ RunTime:0.000831s ]
SQL: SHOW COLUMNS FROM `news` [ RunTime:0.0323s ]
SQL: SELECT `news_id`,`title`,`content`,`cover_img`,`admin_id`,`source`,`ctime`,`profile` FROM `news` WHERE ( news_id=11 ) LIMIT 1   [ RunTime:0.0003s ]
SQL: UPDATE `news` SET `times`=times+1 WHERE ( news_id=11 ) [ RunTime:0.0007s ]
SQL: SHOW COLUMNS FROM `admin` [ RunTime:0.0189s ]
SQL: SELECT `username` FROM `admin` WHERE ( id=1 ) LIMIT 1   [ RunTime:0.0004s ]

[ 2017-12-01T10:38:39+08:00 ] 192.168.8.105 /index.php/News/author_detail
INFO: [ app_init ] --START--
INFO: Run Behavior\BuildLiteBehavior [ RunTime:0.000027s ]
INFO: [ app_init ] --END-- [ RunTime:0.001094s ]
INFO: [ app_begin ] --START--
INFO: Run Behavior\ReadHtmlCacheBehavior [ RunTime:0.000917s ]
INFO: [ app_begin ] --END-- [ RunTime:0.000996s ]
SQL: SHOW COLUMNS FROM `news` [ RunTime:0.0185s ]
SQL: SHOW COLUMNS FROM `admin` [ RunTime:0.0203s ]
SQL: SELECT `admin_id` FROM `news` WHERE ( news_id=11 ) LIMIT 1   [ RunTime:0.0003s ]
SQL: SELECT admin.id,admin.username,admin.head_pic,admin.email,admin.introduce,count(*) count FROM `admin` LEFT JOIN  news on news.admin_id = admin.id   WHERE ( admin.id=1 ) GROUP BY news.admin_id  [ RunTime:0.0027s ]
SQL: SELECT COUNT(*) AS tp_count FROM `news` WHERE ( admin_id=1 ) LIMIT 1   [ RunTime:0.0005s ]
NOTIC: [2] Division by zero D:\item\Application\Home\Common\function.php 第 114 行.
SQL: SELECT `news_id`,`times`,`title`,`ctime`,`admin_id`,`source`,`profile`,`cover_img`,`grade` FROM `news` WHERE ( admin_id=1 ) ORDER BY ctime DESC  [ RunTime:0.0044s ]

[ 2017-12-01T10:38:40+08:00 ] 192.168.8.105 /index.php/News/get_comment
INFO: [ app_init ] --START--
INFO: Run Behavior\BuildLiteBehavior [ RunTime:0.000012s ]
INFO: [ app_init ] --END-- [ RunTime:0.000621s ]
INFO: [ app_begin ] --START--
INFO: Run Behavior\ReadHtmlCacheBehavior [ RunTime:0.000783s ]
INFO: [ app_begin ] --END-- [ RunTime:0.000838s ]
SQL: SHOW COLUMNS FROM `comment` [ RunTime:0.0391s ]
SQL: SELECT ct.id,ct.content,ct.ctime,u.uid,u.nickname,u.head_pic FROM comment ct LEFT JOIN  user u on ct.uid = u.uid   WHERE (  news_id=11  )  [ RunTime:0.0010s ]
SQL: SELECT ct.id,ct.content,ct.ctime,u.uid,u.nickname,u.head_pic FROM comment ct LEFT JOIN  user u on ct.uid = u.uid   WHERE (  news_id=11  ) ORDER BY ct.ctime DESC LIMIT 0,6   [ RunTime:0.0004s ]

[ 2017-12-01T10:38:41+08:00 ] 192.168.8.105 /index.php/News/get_comment
INFO: [ app_init ] --START--
INFO: Run Behavior\BuildLiteBehavior [ RunTime:0.000017s ]
INFO: [ app_init ] --END-- [ RunTime:0.002017s ]
INFO: [ app_begin ] --START--
INFO: Run Behavior\ReadHtmlCacheBehavior [ RunTime:0.000951s ]
INFO: [ app_begin ] --END-- [ RunTime:0.001012s ]
SQL: SHOW COLUMNS FROM `comment` [ RunTime:0.0193s ]
SQL: SELECT ct.id,ct.content,ct.ctime,u.uid,u.nickname,u.head_pic FROM comment ct LEFT JOIN  user u on ct.uid = u.uid   WHERE (  news_id=11  )  [ RunTime:0.0016s ]
SQL: SELECT ct.id,ct.content,ct.ctime,u.uid,u.nickname,u.head_pic FROM comment ct LEFT JOIN  user u on ct.uid = u.uid   WHERE (  news_id=11  ) ORDER BY ct.ctime DESC LIMIT 6,6   [ RunTime:0.0005s ]

[ 2017-12-01T10:40:07+08:00 ] 192.168.8.105 /index.php/News/new_detail
INFO: [ app_init ] --START--
INFO: Run Behavior\BuildLiteBehavior [ RunTime:0.000034s ]
INFO: [ app_init ] --END-- [ RunTime:0.001577s ]
INFO: [ app_begin ] --START--
INFO: Run Behavior\ReadHtmlCacheBehavior [ RunTime:0.001269s ]
INFO: [ app_begin ] --END-- [ RunTime:0.001368s ]
SQL: SHOW COLUMNS FROM `news` [ RunTime:0.0344s ]
SQL: SELECT `news_id`,`title`,`content`,`cover_img`,`admin_id`,`source`,`ctime`,`profile` FROM `news` WHERE ( news_id=11 ) LIMIT 1   [ RunTime:0.0004s ]
SQL: UPDATE `news` SET `times`=times+1 WHERE ( news_id=11 ) [ RunTime:0.0003s ]
SQL: SHOW COLUMNS FROM `admin` [ RunTime:0.0210s ]
SQL: SELECT `username` FROM `admin` WHERE ( id=1 ) LIMIT 1   [ RunTime:0.0003s ]

[ 2017-12-01T10:40:10+08:00 ] 192.168.8.105 /index.php/News/author_detail
INFO: [ app_init ] --START--
INFO: Run Behavior\BuildLiteBehavior [ RunTime:0.000015s ]
INFO: [ app_init ] --END-- [ RunTime:0.000617s ]
INFO: [ app_begin ] --START--
INFO: Run Behavior\ReadHtmlCacheBehavior [ RunTime:0.000791s ]
INFO: [ app_begin ] --END-- [ RunTime:0.000859s ]
SQL: SHOW COLUMNS FROM `news` [ RunTime:0.0187s ]
SQL: SHOW COLUMNS FROM `admin` [ RunTime:0.0185s ]
SQL: SELECT `admin_id` FROM `news` WHERE ( news_id=11 ) LIMIT 1   [ RunTime:0.0003s ]
SQL: SELECT admin.id,admin.username,admin.head_pic,admin.email,admin.introduce,count(*) count FROM `admin` LEFT JOIN  news on news.admin_id = admin.id   WHERE ( admin.id=1 ) GROUP BY news.admin_id  [ RunTime:0.0019s ]
SQL: SELECT COUNT(*) AS tp_count FROM `news` WHERE ( admin_id=1 ) LIMIT 1   [ RunTime:0.0003s ]
NOTIC: [2] Division by zero D:\item\Application\Home\Common\function.php 第 114 行.
SQL: SELECT `news_id`,`times`,`title`,`ctime`,`admin_id`,`source`,`profile`,`cover_img`,`grade` FROM `news` WHERE ( admin_id=1 ) ORDER BY ctime DESC  [ RunTime:0.0034s ]

[ 2017-12-01T10:40:11+08:00 ] 192.168.8.105 /index.php/News/get_comment
INFO: [ app_init ] --START--
INFO: Run Behavior\BuildLiteBehavior [ RunTime:0.000013s ]
INFO: [ app_init ] --END-- [ RunTime:0.000553s ]
INFO: [ app_begin ] --START--
INFO: Run Behavior\ReadHtmlCacheBehavior [ RunTime:0.000680s ]
INFO: [ app_begin ] --END-- [ RunTime:0.000740s ]
SQL: SHOW COLUMNS FROM `comment` [ RunTime:0.0410s ]
SQL: SELECT ct.id,ct.content,ct.ctime,u.uid,u.nickname,u.head_pic FROM comment ct LEFT JOIN  user u on ct.uid = u.uid   WHERE (  news_id=11  )  [ RunTime:0.0005s ]
SQL: SELECT ct.id,ct.content,ct.ctime,u.uid,u.nickname,u.head_pic FROM comment ct LEFT JOIN  user u on ct.uid = u.uid   WHERE (  news_id=11  ) ORDER BY ct.ctime DESC LIMIT 0,6   [ RunTime:0.0005s ]

[ 2017-12-01T10:40:12+08:00 ] 192.168.8.105 /index.php/News/get_comment
INFO: [ app_init ] --START--
INFO: Run Behavior\BuildLiteBehavior [ RunTime:0.000012s ]
INFO: [ app_init ] --END-- [ RunTime:0.000568s ]
INFO: [ app_begin ] --START--
INFO: Run Behavior\ReadHtmlCacheBehavior [ RunTime:0.000544s ]
INFO: [ app_begin ] --END-- [ RunTime:0.000592s ]
SQL: SHOW COLUMNS FROM `comment` [ RunTime:0.0408s ]
SQL: SELECT ct.id,ct.content,ct.ctime,u.uid,u.nickname,u.head_pic FROM comment ct LEFT JOIN  user u on ct.uid = u.uid   WHERE (  news_id=11  )  [ RunTime:0.0004s ]
SQL: SELECT ct.id,ct.content,ct.ctime,u.uid,u.nickname,u.head_pic FROM comment ct LEFT JOIN  user u on ct.uid = u.uid   WHERE (  news_id=11  ) ORDER BY ct.ctime DESC LIMIT 6,6   [ RunTime:0.0003s ]

[ 2017-12-01T10:40:23+08:00 ] 192.168.8.105 /index.php/News/new_detail
INFO: [ app_init ] --START--
INFO: Run Behavior\BuildLiteBehavior [ RunTime:0.000020s ]
INFO: [ app_init ] --END-- [ RunTime:0.000644s ]
INFO: [ app_begin ] --START--
INFO: Run Behavior\ReadHtmlCacheBehavior [ RunTime:0.000586s ]
INFO: [ app_begin ] --END-- [ RunTime:0.000637s ]
SQL: SHOW COLUMNS FROM `news` [ RunTime:0.0176s ]
SQL: SELECT `news_id`,`title`,`content`,`cover_img`,`admin_id`,`source`,`ctime`,`profile` FROM `news` WHERE ( news_id=11 ) LIMIT 1   [ RunTime:0.0003s ]
SQL: UPDATE `news` SET `times`=times+1 WHERE ( news_id=11 ) [ RunTime:0.0003s ]
SQL: SHOW COLUMNS FROM `admin` [ RunTime:0.0190s ]
SQL: SELECT `username` FROM `admin` WHERE ( id=1 ) LIMIT 1   [ RunTime:0.0003s ]

[ 2017-12-01T10:40:30+08:00 ] 192.168.8.105 /index.php/News/author_detail
INFO: [ app_init ] --START--
INFO: Run Behavior\BuildLiteBehavior [ RunTime:0.000012s ]
INFO: [ app_init ] --END-- [ RunTime:0.000536s ]
INFO: [ app_begin ] --START--
INFO: Run Behavior\ReadHtmlCacheBehavior [ RunTime:0.000544s ]
INFO: [ app_begin ] --END-- [ RunTime:0.000589s ]
SQL: SHOW COLUMNS FROM `news` [ RunTime:0.0339s ]
SQL: SHOW COLUMNS FROM `admin` [ RunTime:0.0187s ]
SQL: SELECT `admin_id` FROM `news` WHERE ( news_id=11 ) LIMIT 1   [ RunTime:0.0003s ]
SQL: SELECT admin.id,admin.username,admin.head_pic,admin.email,admin.introduce,count(*) count FROM `admin` LEFT JOIN  news on news.admin_id = admin.id   WHERE ( admin.id=1 ) GROUP BY news.admin_id  [ RunTime:0.0020s ]
SQL: SELECT COUNT(*) AS tp_count FROM `news` WHERE ( admin_id=1 ) LIMIT 1   [ RunTime:0.0003s ]
NOTIC: [2] Division by zero D:\item\Application\Home\Common\function.php 第 114 行.
SQL: SELECT `news_id`,`times`,`title`,`ctime`,`admin_id`,`source`,`profile`,`cover_img`,`grade` FROM `news` WHERE ( admin_id=1 ) ORDER BY ctime DESC  [ RunTime:0.0033s ]

[ 2017-12-01T10:40:31+08:00 ] 192.168.8.105 /index.php/News/get_comment
INFO: [ app_init ] --START--
INFO: Run Behavior\BuildLiteBehavior [ RunTime:0.000011s ]
INFO: [ app_init ] --END-- [ RunTime:0.000440s ]
INFO: [ app_begin ] --START--
INFO: Run Behavior\ReadHtmlCacheBehavior [ RunTime:0.000506s ]
INFO: [ app_begin ] --END-- [ RunTime:0.000549s ]
SQL: SHOW COLUMNS FROM `comment` [ RunTime:0.0251s ]
SQL: SELECT ct.id,ct.content,ct.ctime,u.uid,u.nickname,u.head_pic FROM comment ct LEFT JOIN  user u on ct.uid = u.uid   WHERE (  news_id=11  )  [ RunTime:0.0007s ]
SQL: SELECT ct.id,ct.content,ct.ctime,u.uid,u.nickname,u.head_pic FROM comment ct LEFT JOIN  user u on ct.uid = u.uid   WHERE (  news_id=11  ) ORDER BY ct.ctime DESC LIMIT 0,6   [ RunTime:0.0006s ]

[ 2017-12-01T10:40:32+08:00 ] 192.168.8.105 /index.php/News/get_comment
INFO: [ app_init ] --START--
INFO: Run Behavior\BuildLiteBehavior [ RunTime:0.000024s ]
INFO: [ app_init ] --END-- [ RunTime:0.001136s ]
INFO: [ app_begin ] --START--
INFO: Run Behavior\ReadHtmlCacheBehavior [ RunTime:0.000781s ]
INFO: [ app_begin ] --END-- [ RunTime:0.000842s ]
SQL: SHOW COLUMNS FROM `comment` [ RunTime:0.0266s ]
SQL: SELECT ct.id,ct.content,ct.ctime,u.uid,u.nickname,u.head_pic FROM comment ct LEFT JOIN  user u on ct.uid = u.uid   WHERE (  news_id=11  )  [ RunTime:0.0005s ]
SQL: SELECT ct.id,ct.content,ct.ctime,u.uid,u.nickname,u.head_pic FROM comment ct LEFT JOIN  user u on ct.uid = u.uid   WHERE (  news_id=11  ) ORDER BY ct.ctime DESC LIMIT 6,6   [ RunTime:0.0004s ]

[ 2017-12-01T10:40:55+08:00 ] 192.168.8.105 /index.php/News/new_detail
INFO: [ app_init ] --START--
INFO: Run Behavior\BuildLiteBehavior [ RunTime:0.000018s ]
INFO: [ app_init ] --END-- [ RunTime:0.000966s ]
INFO: [ app_begin ] --START--
INFO: Run Behavior\ReadHtmlCacheBehavior [ RunTime:0.000702s ]
INFO: [ app_begin ] --END-- [ RunTime:0.000761s ]
SQL: SHOW COLUMNS FROM `news` [ RunTime:0.0324s ]
SQL: SELECT `news_id`,`title`,`content`,`cover_img`,`admin_id`,`source`,`ctime`,`profile` FROM `news` WHERE ( news_id=11 ) LIMIT 1   [ RunTime:0.0005s ]
SQL: UPDATE `news` SET `times`=times+1 WHERE ( news_id=11 ) [ RunTime:0.0004s ]
SQL: SHOW COLUMNS FROM `admin` [ RunTime:0.0199s ]
SQL: SELECT `username` FROM `admin` WHERE ( id=1 ) LIMIT 1   [ RunTime:0.0003s ]

[ 2017-12-01T10:40:57+08:00 ] 192.168.8.105 /index.php/News/author_detail
INFO: [ app_init ] --START--
INFO: Run Behavior\BuildLiteBehavior [ RunTime:0.000016s ]
INFO: [ app_init ] --END-- [ RunTime:0.000589s ]
INFO: [ app_begin ] --START--
INFO: Run Behavior\ReadHtmlCacheBehavior [ RunTime:0.000892s ]
INFO: [ app_begin ] --END-- [ RunTime:0.000973s ]
SQL: SHOW COLUMNS FROM `news` [ RunTime:0.0460s ]
SQL: SHOW COLUMNS FROM `admin` [ RunTime:0.0215s ]
SQL: SELECT `admin_id` FROM `news` WHERE ( news_id=11 ) LIMIT 1   [ RunTime:0.0003s ]
SQL: SELECT admin.id,admin.username,admin.head_pic,admin.email,admin.introduce,count(*) count FROM `admin` LEFT JOIN  news on news.admin_id = admin.id   WHERE ( admin.id=1 ) GROUP BY news.admin_id  [ RunTime:0.0018s ]
SQL: SELECT COUNT(*) AS tp_count FROM `news` WHERE ( admin_id=1 ) LIMIT 1   [ RunTime:0.0004s ]
NOTIC: [2] Division by zero D:\item\Application\Home\Common\function.php 第 114 行.
SQL: SELECT `news_id`,`times`,`title`,`ctime`,`admin_id`,`source`,`profile`,`cover_img`,`grade` FROM `news` WHERE ( admin_id=1 ) ORDER BY ctime DESC  [ RunTime:0.0025s ]

[ 2017-12-01T10:40:58+08:00 ] 192.168.8.105 /index.php/News/get_comment
INFO: [ app_init ] --START--
INFO: Run Behavior\BuildLiteBehavior [ RunTime:0.000011s ]
INFO: [ app_init ] --END-- [ RunTime:0.000789s ]
INFO: [ app_begin ] --START--
INFO: Run Behavior\ReadHtmlCacheBehavior [ RunTime:0.000970s ]
INFO: [ app_begin ] --END-- [ RunTime:0.001041s ]
SQL: SHOW COLUMNS FROM `comment` [ RunTime:0.0372s ]
SQL: SELECT ct.id,ct.content,ct.ctime,u.uid,u.nickname,u.head_pic FROM comment ct LEFT JOIN  user u on ct.uid = u.uid   WHERE (  news_id=11  )  [ RunTime:0.0005s ]
SQL: SELECT ct.id,ct.content,ct.ctime,u.uid,u.nickname,u.head_pic FROM comment ct LEFT JOIN  user u on ct.uid = u.uid   WHERE (  news_id=11  ) ORDER BY ct.ctime DESC LIMIT 0,6   [ RunTime:0.0005s ]

[ 2017-12-01T10:40:59+08:00 ] 192.168.8.105 /index.php/News/get_comment
INFO: [ app_init ] --START--
INFO: Run Behavior\BuildLiteBehavior [ RunTime:0.000014s ]
INFO: [ app_init ] --END-- [ RunTime:0.000703s ]
INFO: [ app_begin ] --START--
INFO: Run Behavior\ReadHtmlCacheBehavior [ RunTime:0.000774s ]
INFO: [ app_begin ] --END-- [ RunTime:0.000829s ]
SQL: SHOW COLUMNS FROM `comment` [ RunTime:0.0338s ]
SQL: SELECT ct.id,ct.content,ct.ctime,u.uid,u.nickname,u.head_pic FROM comment ct LEFT JOIN  user u on ct.uid = u.uid   WHERE (  news_id=11  )  [ RunTime:0.0004s ]
SQL: SELECT ct.id,ct.content,ct.ctime,u.uid,u.nickname,u.head_pic FROM comment ct LEFT JOIN  user u on ct.uid = u.uid   WHERE (  news_id=11  ) ORDER BY ct.ctime DESC LIMIT 6,6   [ RunTime:0.0004s ]

[ 2017-12-01T10:41:48+08:00 ] 192.168.8.105 /index.php/News/new_detail
INFO: [ app_init ] --START--
INFO: Run Behavior\BuildLiteBehavior [ RunTime:0.000015s ]
INFO: [ app_init ] --END-- [ RunTime:0.000601s ]
INFO: [ app_begin ] --START--
INFO: Run Behavior\ReadHtmlCacheBehavior [ RunTime:0.000710s ]
INFO: [ app_begin ] --END-- [ RunTime:0.000770s ]
SQL: SHOW COLUMNS FROM `news` [ RunTime:0.0284s ]
SQL: SELECT `news_id`,`title`,`content`,`cover_img`,`admin_id`,`source`,`ctime`,`profile` FROM `news` WHERE ( news_id=11 ) LIMIT 1   [ RunTime:0.0004s ]
SQL: UPDATE `news` SET `times`=times+1 WHERE ( news_id=11 ) [ RunTime:0.0003s ]
SQL: SHOW COLUMNS FROM `admin` [ RunTime:0.0169s ]
SQL: SELECT `username` FROM `admin` WHERE ( id=1 ) LIMIT 1   [ RunTime:0.0003s ]

[ 2017-12-01T10:41:49+08:00 ] 192.168.8.105 /index.php/News/author_detail
INFO: [ app_init ] --START--
INFO: Run Behavior\BuildLiteBehavior [ RunTime:0.000015s ]
INFO: [ app_init ] --END-- [ RunTime:0.000609s ]
INFO: [ app_begin ] --START--
INFO: Run Behavior\ReadHtmlCacheBehavior [ RunTime:0.000752s ]
INFO: [ app_begin ] --END-- [ RunTime:0.000813s ]
SQL: SHOW COLUMNS FROM `news` [ RunTime:0.0435s ]
SQL: SHOW COLUMNS FROM `admin` [ RunTime:0.0202s ]
SQL: SELECT `admin_id` FROM `news` WHERE ( news_id=11 ) LIMIT 1   [ RunTime:0.0003s ]
SQL: SELECT admin.id,admin.username,admin.head_pic,admin.email,admin.introduce,count(*) count FROM `admin` LEFT JOIN  news on news.admin_id = admin.id   WHERE ( admin.id=1 ) GROUP BY news.admin_id  [ RunTime:0.0017s ]
SQL: SELECT COUNT(*) AS tp_count FROM `news` WHERE ( admin_id=1 ) LIMIT 1   [ RunTime:0.0004s ]
NOTIC: [2] Division by zero D:\item\Application\Home\Common\function.php 第 114 行.
SQL: SELECT `news_id`,`times`,`title`,`ctime`,`admin_id`,`source`,`profile`,`cover_img`,`grade` FROM `news` WHERE ( admin_id=1 ) ORDER BY ctime DESC  [ RunTime:0.0027s ]

[ 2017-12-01T10:41:50+08:00 ] 192.168.8.105 /index.php/News/get_comment
INFO: [ app_init ] --START--
INFO: Run Behavior\BuildLiteBehavior [ RunTime:0.000010s ]
INFO: [ app_init ] --END-- [ RunTime:0.000441s ]
INFO: [ app_begin ] --START--
INFO: Run Behavior\ReadHtmlCacheBehavior [ RunTime:0.000500s ]
INFO: [ app_begin ] --END-- [ RunTime:0.000542s ]
SQL: SHOW COLUMNS FROM `comment` [ RunTime:0.0179s ]
SQL: SELECT ct.id,ct.content,ct.ctime,u.uid,u.nickname,u.head_pic FROM comment ct LEFT JOIN  user u on ct.uid = u.uid   WHERE (  news_id=11  )  [ RunTime:0.0005s ]
SQL: SELECT ct.id,ct.content,ct.ctime,u.uid,u.nickname,u.head_pic FROM comment ct LEFT JOIN  user u on ct.uid = u.uid   WHERE (  news_id=11  ) ORDER BY ct.ctime DESC LIMIT 0,6   [ RunTime:0.0004s ]

[ 2017-12-01T10:41:52+08:00 ] 192.168.8.105 /index.php/News/get_comment
INFO: [ app_init ] --START--
INFO: Run Behavior\BuildLiteBehavior [ RunTime:0.000023s ]
INFO: [ app_init ] --END-- [ RunTime:0.001017s ]
INFO: [ app_begin ] --START--
INFO: Run Behavior\ReadHtmlCacheBehavior [ RunTime:0.001262s ]
INFO: [ app_begin ] --END-- [ RunTime:0.001367s ]
SQL: SHOW COLUMNS FROM `comment` [ RunTime:0.0421s ]
SQL: SELECT ct.id,ct.content,ct.ctime,u.uid,u.nickname,u.head_pic FROM comment ct LEFT JOIN  user u on ct.uid = u.uid   WHERE (  news_id=11  )  [ RunTime:0.0005s ]
SQL: SELECT ct.id,ct.content,ct.ctime,u.uid,u.nickname,u.head_pic FROM comment ct LEFT JOIN  user u on ct.uid = u.uid   WHERE (  news_id=11  ) ORDER BY ct.ctime DESC LIMIT 6,6   [ RunTime:0.0004s ]

[ 2017-12-01T10:42:52+08:00 ] 192.168.8.105 /index.php/News/new_detail
INFO: [ app_init ] --START--
INFO: Run Behavior\BuildLiteBehavior [ RunTime:0.000021s ]
INFO: [ app_init ] --END-- [ RunTime:0.000643s ]
INFO: [ app_begin ] --START--
INFO: Run Behavior\ReadHtmlCacheBehavior [ RunTime:0.000750s ]
INFO: [ app_begin ] --END-- [ RunTime:0.000814s ]
SQL: SHOW COLUMNS FROM `news` [ RunTime:0.0249s ]
SQL: SELECT `news_id`,`title`,`content`,`cover_img`,`admin_id`,`source`,`ctime`,`profile` FROM `news` WHERE ( news_id=11 ) LIMIT 1   [ RunTime:0.0008s ]
SQL: UPDATE `news` SET `times`=times+1 WHERE ( news_id=11 ) [ RunTime:0.0004s ]
SQL: SHOW COLUMNS FROM `admin` [ RunTime:0.0204s ]
SQL: SELECT `username` FROM `admin` WHERE ( id=1 ) LIMIT 1   [ RunTime:0.0003s ]

[ 2017-12-01T10:42:54+08:00 ] 192.168.8.105 /index.php/News/author_detail
INFO: [ app_init ] --START--
INFO: Run Behavior\BuildLiteBehavior [ RunTime:0.000016s ]
INFO: [ app_init ] --END-- [ RunTime:0.000687s ]
INFO: [ app_begin ] --START--
INFO: Run Behavior\ReadHtmlCacheBehavior [ RunTime:0.000599s ]
INFO: [ app_begin ] --END-- [ RunTime:0.000650s ]
SQL: SHOW COLUMNS FROM `news` [ RunTime:0.0313s ]
SQL: SHOW COLUMNS FROM `admin` [ RunTime:0.0219s ]
SQL: SELECT `admin_id` FROM `news` WHERE ( news_id=11 ) LIMIT 1   [ RunTime:0.0003s ]
SQL: SELECT admin.id,admin.username,admin.head_pic,admin.email,admin.introduce,count(*) count FROM `admin` LEFT JOIN  news on news.admin_id = admin.id   WHERE ( admin.id=1 ) GROUP BY news.admin_id  [ RunTime:0.0019s ]
SQL: SELECT COUNT(*) AS tp_count FROM `news` WHERE ( admin_id=1 ) LIMIT 1   [ RunTime:0.0004s ]
NOTIC: [2] Division by zero D:\item\Application\Home\Common\function.php 第 114 行.
SQL: SELECT `news_id`,`times`,`title`,`ctime`,`admin_id`,`source`,`profile`,`cover_img`,`grade` FROM `news` WHERE ( admin_id=1 ) ORDER BY ctime DESC  [ RunTime:0.0031s ]

[ 2017-12-01T10:42:55+08:00 ] 192.168.8.105 /index.php/News/get_comment
INFO: [ app_init ] --START--
INFO: Run Behavior\BuildLiteBehavior [ RunTime:0.000012s ]
INFO: [ app_init ] --END-- [ RunTime:0.000466s ]
INFO: [ app_begin ] --START--
INFO: Run Behavior\ReadHtmlCacheBehavior [ RunTime:0.000577s ]
INFO: [ app_begin ] --END-- [ RunTime:0.000628s ]
SQL: SHOW COLUMNS FROM `comment` [ RunTime:0.0514s ]
SQL: SELECT ct.id,ct.content,ct.ctime,u.uid,u.nickname,u.head_pic FROM comment ct LEFT JOIN  user u on ct.uid = u.uid   WHERE (  news_id=11  )  [ RunTime:0.0008s ]
SQL: SELECT ct.id,ct.content,ct.ctime,u.uid,u.nickname,u.head_pic FROM comment ct LEFT JOIN  user u on ct.uid = u.uid   WHERE (  news_id=11  ) ORDER BY ct.ctime DESC LIMIT 0,6   [ RunTime:0.0008s ]

[ 2017-12-01T10:42:56+08:00 ] 192.168.8.105 /index.php/News/get_comment
INFO: [ app_init ] --START--
INFO: Run Behavior\BuildLiteBehavior [ RunTime:0.000014s ]
INFO: [ app_init ] --END-- [ RunTime:0.000543s ]
INFO: [ app_begin ] --START--
INFO: Run Behavior\ReadHtmlCacheBehavior [ RunTime:0.000639s ]
INFO: [ app_begin ] --END-- [ RunTime:0.000707s ]
SQL: SHOW COLUMNS FROM `comment` [ RunTime:0.0466s ]
SQL: SELECT ct.id,ct.content,ct.ctime,u.uid,u.nickname,u.head_pic FROM comment ct LEFT JOIN  user u on ct.uid = u.uid   WHERE (  news_id=11  )  [ RunTime:0.0012s ]
SQL: SELECT ct.id,ct.content,ct.ctime,u.uid,u.nickname,u.head_pic FROM comment ct LEFT JOIN  user u on ct.uid = u.uid   WHERE (  news_id=11  ) ORDER BY ct.ctime DESC LIMIT 6,6   [ RunTime:0.0005s ]

[ 2017-12-01T10:43:44+08:00 ] 192.168.8.105 /index.php/News/index
INFO: [ app_init ] --START--
INFO: Run Behavior\BuildLiteBehavior [ RunTime:0.000019s ]
INFO: [ app_init ] --END-- [ RunTime:0.001176s ]
INFO: [ app_begin ] --START--
INFO: Run Behavior\ReadHtmlCacheBehavior [ RunTime:0.001139s ]
INFO: [ app_begin ] --END-- [ RunTime:0.001210s ]
SQL: SHOW COLUMNS FROM `news` [ RunTime:0.0349s ]
SQL: SHOW COLUMNS FROM `user` [ RunTime:0.0201s ]
SQL: SHOW COLUMNS FROM `category` [ RunTime:0.0167s ]
SQL: SELECT * FROM `category`  [ RunTime:0.0003s ]
SQL: SELECT COUNT(*) AS tp_count FROM `news` WHERE ( grade = 3 ) LIMIT 1   [ RunTime:0.0003s ]
SQL: SELECT `news_id`,`times`,`title`,`ctime`,`admin_id`,`source`,`cover_img`,`grade`,`profile` FROM `news` WHERE ( grade=3 ) ORDER BY times DESC,utime DESC LIMIT 0,10   [ RunTime:0.0005s ]
SQL: SHOW COLUMNS FROM `admin` [ RunTime:0.0183s ]
SQL: SELECT `username` FROM `admin` WHERE ( id=1 ) LIMIT 1   [ RunTime:0.0003s ]
SQL: SELECT `username` FROM `admin` WHERE ( id=1 ) LIMIT 1   [ RunTime:0.0002s ]
SQL: SELECT `username` FROM `admin` WHERE ( id=1 ) LIMIT 1   [ RunTime:0.0002s ]
SQL: SELECT `username` FROM `admin` WHERE ( id=1 ) LIMIT 1   [ RunTime:0.0002s ]
SQL: SELECT `username` FROM `admin` WHERE ( id=1 ) LIMIT 1   [ RunTime:0.0002s ]
SQL: SELECT `username` FROM `admin` WHERE ( id=1 ) LIMIT 1   [ RunTime:0.0002s ]
SQL: SELECT `username` FROM `admin` WHERE ( id=1 ) LIMIT 1   [ RunTime:0.0002s ]
SQL: SELECT `username` FROM `admin` WHERE ( id=1 ) LIMIT 1   [ RunTime:0.0002s ]
SQL: SELECT `username` FROM `admin` WHERE ( id=1 ) LIMIT 1   [ RunTime:0.0002s ]
SQL: SELECT `username` FROM `admin` WHERE ( id=1 ) LIMIT 1   [ RunTime:0.0002s ]
SQL: SELECT `news_id`,`title`,`ctime`,`admin_id`,`source`,`cover_img`,`grade`,`profile` FROM `news` WHERE ( grade in (1,2) ) ORDER BY utime DESC  [ RunTime:0.0013s ]

[ 2017-12-01T10:43:51+08:00 ] 192.168.8.105 /index.php/News/new_detail
INFO: [ app_init ] --START--
INFO: Run Behavior\BuildLiteBehavior [ RunTime:0.000020s ]
INFO: [ app_init ] --END-- [ RunTime:0.001176s ]
INFO: [ app_begin ] --START--
INFO: Run Behavior\ReadHtmlCacheBehavior [ RunTime:0.001324s ]
INFO: [ app_begin ] --END-- [ RunTime:0.001428s ]
SQL: SHOW COLUMNS FROM `news` [ RunTime:0.0165s ]
SQL: SELECT `news_id`,`title`,`content`,`cover_img`,`admin_id`,`source`,`ctime`,`profile` FROM `news` WHERE ( news_id=102 ) LIMIT 1   [ RunTime:0.0011s ]
SQL: UPDATE `news` SET `times`=times+1 WHERE ( news_id=102 ) [ RunTime:0.0004s ]
SQL: SHOW COLUMNS FROM `admin` [ RunTime:0.0178s ]
SQL: SELECT `username` FROM `admin` WHERE ( id=1 ) LIMIT 1   [ RunTime:0.0003s ]

[ 2017-12-01T10:43:53+08:00 ] 192.168.8.105 /index.php/News/author_detail
INFO: [ app_init ] --START--
INFO: Run Behavior\BuildLiteBehavior [ RunTime:0.000013s ]
INFO: [ app_init ] --END-- [ RunTime:0.000504s ]
INFO: [ app_begin ] --START--
INFO: Run Behavior\ReadHtmlCacheBehavior [ RunTime:0.000600s ]
INFO: [ app_begin ] --END-- [ RunTime:0.000653s ]
SQL: SHOW COLUMNS FROM `news` [ RunTime:0.0345s ]
SQL: SHOW COLUMNS FROM `admin` [ RunTime:0.0221s ]
SQL: SELECT `admin_id` FROM `news` WHERE ( news_id=102 ) LIMIT 1   [ RunTime:0.0003s ]
SQL: SELECT admin.id,admin.username,admin.head_pic,admin.email,admin.introduce,count(*) count FROM `admin` LEFT JOIN  news on news.admin_id = admin.id   WHERE ( admin.id=1 ) GROUP BY news.admin_id  [ RunTime:0.0023s ]
SQL: SELECT COUNT(*) AS tp_count FROM `news` WHERE ( admin_id=1 ) LIMIT 1   [ RunTime:0.0004s ]
NOTIC: [2] Division by zero D:\item\Application\Home\Common\function.php 第 114 行.
SQL: SELECT `news_id`,`times`,`title`,`ctime`,`admin_id`,`source`,`profile`,`cover_img`,`grade` FROM `news` WHERE ( admin_id=1 ) ORDER BY ctime DESC  [ RunTime:0.0026s ]

[ 2017-12-01T10:43:54+08:00 ] 192.168.8.105 /index.php/News/get_comment
INFO: [ app_init ] --START--
INFO: Run Behavior\BuildLiteBehavior [ RunTime:0.000013s ]
INFO: [ app_init ] --END-- [ RunTime:0.000697s ]
INFO: [ app_begin ] --START--
INFO: Run Behavior\ReadHtmlCacheBehavior [ RunTime:0.000779s ]
INFO: [ app_begin ] --END-- [ RunTime:0.000833s ]
SQL: SHOW COLUMNS FROM `comment` [ RunTime:0.0387s ]
SQL: SELECT ct.id,ct.content,ct.ctime,u.uid,u.nickname,u.head_pic FROM comment ct LEFT JOIN  user u on ct.uid = u.uid   WHERE (  news_id=102  )  [ RunTime:0.0007s ]
SQL: SELECT ct.id,ct.content,ct.ctime,u.uid,u.nickname,u.head_pic FROM comment ct LEFT JOIN  user u on ct.uid = u.uid   WHERE (  news_id=102  ) ORDER BY ct.ctime DESC LIMIT 0,6   [ RunTime:0.0006s ]

[ 2017-12-01T10:43:55+08:00 ] 192.168.8.105 /index.php/News/get_comment
INFO: [ app_init ] --START--
INFO: Run Behavior\BuildLiteBehavior [ RunTime:0.000027s ]
INFO: [ app_init ] --END-- [ RunTime:0.001333s ]
INFO: [ app_begin ] --START--
INFO: Run Behavior\ReadHtmlCacheBehavior [ RunTime:0.001360s ]
INFO: [ app_begin ] --END-- [ RunTime:0.001477s ]
SQL: SHOW COLUMNS FROM `comment` [ RunTime:0.0427s ]
SQL: SELECT ct.id,ct.content,ct.ctime,u.uid,u.nickname,u.head_pic FROM comment ct LEFT JOIN  user u on ct.uid = u.uid   WHERE (  news_id=102  )  [ RunTime:0.0006s ]
SQL: SELECT ct.id,ct.content,ct.ctime,u.uid,u.nickname,u.head_pic FROM comment ct LEFT JOIN  user u on ct.uid = u.uid   WHERE (  news_id=102  ) ORDER BY ct.ctime DESC LIMIT 6,6   [ RunTime:0.0006s ]

[ 2017-12-01T10:44:08+08:00 ] 192.168.8.105 /index.php/News/new_detail
INFO: [ app_init ] --START--
INFO: Run Behavior\BuildLiteBehavior [ RunTime:0.000018s ]
INFO: [ app_init ] --END-- [ RunTime:0.000677s ]
INFO: [ app_begin ] --START--
INFO: Run Behavior\ReadHtmlCacheBehavior [ RunTime:0.000864s ]
INFO: [ app_begin ] --END-- [ RunTime:0.000964s ]
SQL: SHOW COLUMNS FROM `news` [ RunTime:0.0305s ]
SQL: SELECT `news_id`,`title`,`content`,`cover_img`,`admin_id`,`source`,`ctime`,`profile` FROM `news` WHERE ( news_id=102 ) LIMIT 1   [ RunTime:0.0014s ]
SQL: UPDATE `news` SET `times`=times+1 WHERE ( news_id=102 ) [ RunTime:0.0005s ]
SQL: SHOW COLUMNS FROM `admin` [ RunTime:0.0325s ]
SQL: SELECT `username` FROM `admin` WHERE ( id=1 ) LIMIT 1   [ RunTime:0.0004s ]

[ 2017-12-01T10:44:11+08:00 ] 192.168.8.105 /index.php/News/author_detail
INFO: [ app_init ] --START--
INFO: Run Behavior\BuildLiteBehavior [ RunTime:0.000021s ]
INFO: [ app_init ] --END-- [ RunTime:0.001727s ]
INFO: [ app_begin ] --START--
INFO: Run Behavior\ReadHtmlCacheBehavior [ RunTime:0.001138s ]
INFO: [ app_begin ] --END-- [ RunTime:0.001222s ]
SQL: SHOW COLUMNS FROM `news` [ RunTime:0.0213s ]
SQL: SHOW COLUMNS FROM `admin` [ RunTime:0.1107s ]
SQL: SELECT `admin_id` FROM `news` WHERE ( news_id=102 ) LIMIT 1   [ RunTime:0.0003s ]
SQL: SELECT admin.id,admin.username,admin.head_pic,admin.email,admin.introduce,count(*) count FROM `admin` LEFT JOIN  news on news.admin_id = admin.id   WHERE ( admin.id=1 ) GROUP BY news.admin_id  [ RunTime:0.0044s ]
SQL: SELECT COUNT(*) AS tp_count FROM `news` WHERE ( admin_id=1 ) LIMIT 1   [ RunTime:0.0004s ]
NOTIC: [2] Division by zero D:\item\Application\Home\Common\function.php 第 114 行.
SQL: SELECT `news_id`,`times`,`title`,`ctime`,`admin_id`,`source`,`profile`,`cover_img`,`grade` FROM `news` WHERE ( admin_id=1 ) ORDER BY ctime DESC  [ RunTime:0.0041s ]

[ 2017-12-01T10:44:12+08:00 ] 192.168.8.105 /index.php/News/get_comment
INFO: [ app_init ] --START--
INFO: Run Behavior\BuildLiteBehavior [ RunTime:0.000016s ]
INFO: [ app_init ] --END-- [ RunTime:0.000668s ]
INFO: [ app_begin ] --START--
INFO: Run Behavior\ReadHtmlCacheBehavior [ RunTime:0.000887s ]
INFO: [ app_begin ] --END-- [ RunTime:0.000981s ]
SQL: SHOW COLUMNS FROM `comment` [ RunTime:0.0242s ]
SQL: SELECT ct.id,ct.content,ct.ctime,u.uid,u.nickname,u.head_pic FROM comment ct LEFT JOIN  user u on ct.uid = u.uid   WHERE (  news_id=102  )  [ RunTime:0.0004s ]
SQL: SELECT ct.id,ct.content,ct.ctime,u.uid,u.nickname,u.head_pic FROM comment ct LEFT JOIN  user u on ct.uid = u.uid   WHERE (  news_id=102  ) ORDER BY ct.ctime DESC LIMIT 0,6   [ RunTime:0.0004s ]

[ 2017-12-01T10:44:13+08:00 ] 192.168.8.105 /index.php/News/get_comment
INFO: [ app_init ] --START--
INFO: Run Behavior\BuildLiteBehavior [ RunTime:0.000020s ]
INFO: [ app_init ] --END-- [ RunTime:0.000972s ]
INFO: [ app_begin ] --START--
INFO: Run Behavior\ReadHtmlCacheBehavior [ RunTime:0.000849s ]
INFO: [ app_begin ] --END-- [ RunTime:0.000949s ]
SQL: SHOW COLUMNS FROM `comment` [ RunTime:0.0479s ]
SQL: SELECT ct.id,ct.content,ct.ctime,u.uid,u.nickname,u.head_pic FROM comment ct LEFT JOIN  user u on ct.uid = u.uid   WHERE (  news_id=102  )  [ RunTime:0.0033s ]
SQL: SELECT ct.id,ct.content,ct.ctime,u.uid,u.nickname,u.head_pic FROM comment ct LEFT JOIN  user u on ct.uid = u.uid   WHERE (  news_id=102  ) ORDER BY ct.ctime DESC LIMIT 6,6   [ RunTime:0.0007s ]

[ 2017-12-01T15:02:45+08:00 ] 192.168.8.105 /index.php/News/index
INFO: [ app_init ] --START--
INFO: Run Behavior\BuildLiteBehavior [ RunTime:0.000015s ]
INFO: [ app_init ] --END-- [ RunTime:0.000623s ]
INFO: [ app_begin ] --START--
INFO: Run Behavior\ReadHtmlCacheBehavior [ RunTime:0.000645s ]
INFO: [ app_begin ] --END-- [ RunTime:0.000694s ]
SQL: SHOW COLUMNS FROM `news` [ RunTime:0.0357s ]
SQL: SHOW COLUMNS FROM `user` [ RunTime:0.0171s ]
SQL: SHOW COLUMNS FROM `category` [ RunTime:0.0159s ]
SQL: SELECT * FROM `category`  [ RunTime:0.0004s ]
SQL: SELECT COUNT(*) AS tp_count FROM `news` WHERE ( grade = 3 ) LIMIT 1   [ RunTime:0.0005s ]
SQL: SELECT `news_id`,`times`,`title`,`ctime`,`admin_id`,`source`,`cover_img`,`grade`,`profile` FROM `news` WHERE ( grade=3 ) ORDER BY times DESC,utime DESC LIMIT 0,10   [ RunTime:0.0006s ]
SQL: SHOW COLUMNS FROM `admin` [ RunTime:0.0168s ]
SQL: SELECT `username` FROM `admin` WHERE ( id=1 ) LIMIT 1   [ RunTime:0.0004s ]
SQL: SELECT `username` FROM `admin` WHERE ( id=1 ) LIMIT 1   [ RunTime:0.0002s ]
SQL: SELECT `username` FROM `admin` WHERE ( id=1 ) LIMIT 1   [ RunTime:0.0002s ]
SQL: SELECT `username` FROM `admin` WHERE ( id=1 ) LIMIT 1   [ RunTime:0.0003s ]
SQL: SELECT `username` FROM `admin` WHERE ( id=1 ) LIMIT 1   [ RunTime:0.0002s ]
SQL: SELECT `username` FROM `admin` WHERE ( id=1 ) LIMIT 1   [ RunTime:0.0002s ]
SQL: SELECT `username` FROM `admin` WHERE ( id=1 ) LIMIT 1   [ RunTime:0.0002s ]
SQL: SELECT `username` FROM `admin` WHERE ( id=1 ) LIMIT 1   [ RunTime:0.0002s ]
SQL: SELECT `username` FROM `admin` WHERE ( id=1 ) LIMIT 1   [ RunTime:0.0002s ]
SQL: SELECT `username` FROM `admin` WHERE ( id=1 ) LIMIT 1   [ RunTime:0.0002s ]
SQL: SELECT `news_id`,`title`,`ctime`,`admin_id`,`source`,`cover_img`,`grade`,`profile` FROM `news` WHERE ( grade in (1,2) ) ORDER BY utime DESC  [ RunTime:0.0014s ]

[ 2017-12-01T15:05:20+08:00 ] 192.168.8.105 /index.php/News/index
INFO: [ app_init ] --START--
INFO: Run Behavior\BuildLiteBehavior [ RunTime:0.000011s ]
INFO: [ app_init ] --END-- [ RunTime:0.000596s ]
INFO: [ app_begin ] --START--
INFO: Run Behavior\ReadHtmlCacheBehavior [ RunTime:0.000648s ]
INFO: [ app_begin ] --END-- [ RunTime:0.000701s ]
SQL: SHOW COLUMNS FROM `news` [ RunTime:0.0290s ]
SQL: SHOW COLUMNS FROM `user` [ RunTime:0.0179s ]
SQL: SHOW COLUMNS FROM `category` [ RunTime:0.0177s ]
SQL: SELECT * FROM `category`  [ RunTime:0.0005s ]
SQL: SELECT COUNT(*) AS tp_count FROM `news` WHERE ( grade = 3 ) LIMIT 1   [ RunTime:0.0004s ]
SQL: SELECT `news_id`,`times`,`title`,`ctime`,`admin_id`,`source`,`cover_img`,`grade`,`profile` FROM `news` WHERE ( grade=3 ) ORDER BY times DESC,utime DESC LIMIT 0,10   [ RunTime:0.0006s ]
SQL: SHOW COLUMNS FROM `admin` [ RunTime:0.0171s ]
SQL: SELECT `username` FROM `admin` WHERE ( id=1 ) LIMIT 1   [ RunTime:0.0003s ]
SQL: SELECT `username` FROM `admin` WHERE ( id=1 ) LIMIT 1   [ RunTime:0.0002s ]
SQL: SELECT `username` FROM `admin` WHERE ( id=1 ) LIMIT 1   [ RunTime:0.0002s ]
SQL: SELECT `username` FROM `admin` WHERE ( id=1 ) LIMIT 1   [ RunTime:0.0002s ]
SQL: SELECT `username` FROM `admin` WHERE ( id=1 ) LIMIT 1   [ RunTime:0.0002s ]
SQL: SELECT `username` FROM `admin` WHERE ( id=1 ) LIMIT 1   [ RunTime:0.0002s ]
SQL: SELECT `username` FROM `admin` WHERE ( id=1 ) LIMIT 1   [ RunTime:0.0002s ]
SQL: SELECT `username` FROM `admin` WHERE ( id=1 ) LIMIT 1   [ RunTime:0.0002s ]
SQL: SELECT `username` FROM `admin` WHERE ( id=1 ) LIMIT 1   [ RunTime:0.0002s ]
SQL: SELECT `username` FROM `admin` WHERE ( id=1 ) LIMIT 1   [ RunTime:0.0002s ]
SQL: SELECT `news_id`,`title`,`ctime`,`admin_id`,`source`,`cover_img`,`grade`,`profile` FROM `news` WHERE ( grade in (1,2) ) ORDER BY utime DESC  [ RunTime:0.0014s ]

[ 2017-12-01T15:09:14+08:00 ] 192.168.8.105 /index.php/News/index
INFO: [ app_init ] --START--
INFO: Run Behavior\BuildLiteBehavior [ RunTime:0.000012s ]
INFO: [ app_init ] --END-- [ RunTime:0.000755s ]
INFO: [ app_begin ] --START--
INFO: Run Behavior\ReadHtmlCacheBehavior [ RunTime:0.001168s ]
INFO: [ app_begin ] --END-- [ RunTime:0.001245s ]
SQL: SHOW COLUMNS FROM `news` [ RunTime:0.0332s ]
SQL: SHOW COLUMNS FROM `user` [ RunTime:0.0200s ]
SQL: SHOW COLUMNS FROM `category` [ RunTime:0.0175s ]
SQL: SELECT * FROM `category`  [ RunTime:0.0003s ]
SQL: SELECT COUNT(*) AS tp_count FROM `news` WHERE ( grade = 3 ) LIMIT 1   [ RunTime:0.0003s ]
SQL: SELECT `news_id`,`times`,`title`,`ctime`,`admin_id`,`source`,`cover_img`,`grade`,`profile` FROM `news` WHERE ( grade=3 ) ORDER BY times DESC,utime DESC LIMIT 0,10   [ RunTime:0.0004s ]
SQL: SHOW COLUMNS FROM `admin` [ RunTime:0.0171s ]
SQL: SELECT `username` FROM `admin` WHERE ( id=1 ) LIMIT 1   [ RunTime:0.0003s ]
SQL: SELECT `username` FROM `admin` WHERE ( id=1 ) LIMIT 1   [ RunTime:0.0002s ]
SQL: SELECT `username` FROM `admin` WHERE ( id=1 ) LIMIT 1   [ RunTime:0.0002s ]
SQL: SELECT `username` FROM `admin` WHERE ( id=1 ) LIMIT 1   [ RunTime:0.0002s ]
SQL: SELECT `username` FROM `admin` WHERE ( id=1 ) LIMIT 1   [ RunTime:0.0003s ]
SQL: SELECT `username` FROM `admin` WHERE ( id=1 ) LIMIT 1   [ RunTime:0.0002s ]
SQL: SELECT `username` FROM `admin` WHERE ( id=1 ) LIMIT 1   [ RunTime:0.0002s ]
SQL: SELECT `username` FROM `admin` WHERE ( id=1 ) LIMIT 1   [ RunTime:0.0002s ]
SQL: SELECT `username` FROM `admin` WHERE ( id=1 ) LIMIT 1   [ RunTime:0.0002s ]
SQL: SELECT `username` FROM `admin` WHERE ( id=1 ) LIMIT 1   [ RunTime:0.0002s ]
SQL: SELECT `news_id`,`title`,`ctime`,`admin_id`,`source`,`cover_img`,`grade`,`profile` FROM `news` WHERE ( grade in (1,2) ) ORDER BY utime DESC  [ RunTime:0.0015s ]

[ 2017-12-01T15:10:34+08:00 ] 192.168.8.105 /index.php/News/index
INFO: [ app_init ] --START--
INFO: Run Behavior\BuildLiteBehavior [ RunTime:0.000011s ]
INFO: [ app_init ] --END-- [ RunTime:0.000623s ]
INFO: [ app_begin ] --START--
INFO: Run Behavior\ReadHtmlCacheBehavior [ RunTime:0.000942s ]
INFO: [ app_begin ] --END-- [ RunTime:0.001012s ]
SQL: SHOW COLUMNS FROM `news` [ RunTime:0.0303s ]
SQL: SHOW COLUMNS FROM `user` [ RunTime:0.0192s ]
SQL: SHOW COLUMNS FROM `category` [ RunTime:0.0170s ]
SQL: SELECT * FROM `category`  [ RunTime:0.0004s ]
SQL: SELECT COUNT(*) AS tp_count FROM `news` WHERE ( grade = 3 ) LIMIT 1   [ RunTime:0.0005s ]
SQL: SELECT `news_id`,`times`,`title`,`ctime`,`admin_id`,`source`,`cover_img`,`grade`,`profile` FROM `news` WHERE ( grade=3 ) ORDER BY times DESC,utime DESC LIMIT 0,10   [ RunTime:0.0007s ]
SQL: SHOW COLUMNS FROM `admin` [ RunTime:0.0176s ]
SQL: SELECT `username` FROM `admin` WHERE ( id=1 ) LIMIT 1   [ RunTime:0.0003s ]
SQL: SELECT `username` FROM `admin` WHERE ( id=1 ) LIMIT 1   [ RunTime:0.0003s ]
SQL: SELECT `username` FROM `admin` WHERE ( id=1 ) LIMIT 1   [ RunTime:0.0003s ]
SQL: SELECT `username` FROM `admin` WHERE ( id=1 ) LIMIT 1   [ RunTime:0.0002s ]
SQL: SELECT `username` FROM `admin` WHERE ( id=1 ) LIMIT 1   [ RunTime:0.0002s ]
SQL: SELECT `username` FROM `admin` WHERE ( id=1 ) LIMIT 1   [ RunTime:0.0002s ]
SQL: SELECT `username` FROM `admin` WHERE ( id=1 ) LIMIT 1   [ RunTime:0.0002s ]
SQL: SELECT `username` FROM `admin` WHERE ( id=1 ) LIMIT 1   [ RunTime:0.0002s ]
SQL: SELECT `username` FROM `admin` WHERE ( id=1 ) LIMIT 1   [ RunTime:0.0002s ]
SQL: SELECT `username` FROM `admin` WHERE ( id=1 ) LIMIT 1   [ RunTime:0.0002s ]
SQL: SELECT `news_id`,`title`,`ctime`,`admin_id`,`source`,`cover_img`,`grade`,`profile` FROM `news` WHERE ( grade in (1,2) ) ORDER BY utime DESC  [ RunTime:0.0012s ]

[ 2017-12-01T15:28:09+08:00 ] 192.168.8.105 /index.php/News/index
INFO: [ app_init ] --START--
INFO: Run Behavior\BuildLiteBehavior [ RunTime:0.000009s ]
INFO: [ app_init ] --END-- [ RunTime:0.000568s ]
INFO: [ app_begin ] --START--
INFO: Run Behavior\ReadHtmlCacheBehavior [ RunTime:0.001180s ]
INFO: [ app_begin ] --END-- [ RunTime:0.001230s ]
SQL: SHOW COLUMNS FROM `news` [ RunTime:0.0441s ]
SQL: SHOW COLUMNS FROM `user` [ RunTime:0.0226s ]
SQL: SHOW COLUMNS FROM `category` [ RunTime:0.0160s ]
SQL: SELECT * FROM `category`  [ RunTime:0.0003s ]
SQL: SELECT COUNT(*) AS tp_count FROM `news` WHERE ( grade = 3 ) LIMIT 1   [ RunTime:0.0003s ]
SQL: SELECT `news_id`,`times`,`title`,`ctime`,`admin_id`,`source`,`cover_img`,`grade`,`profile` FROM `news` WHERE ( grade=3 ) ORDER BY times DESC,utime DESC LIMIT 0,10   [ RunTime:0.0005s ]
SQL: SHOW COLUMNS FROM `admin` [ RunTime:0.0161s ]
SQL: SELECT `username` FROM `admin` WHERE ( id=1 ) LIMIT 1   [ RunTime:0.0003s ]
SQL: SELECT `username` FROM `admin` WHERE ( id=1 ) LIMIT 1   [ RunTime:0.0003s ]
SQL: SELECT `username` FROM `admin` WHERE ( id=1 ) LIMIT 1   [ RunTime:0.0002s ]
SQL: SELECT `username` FROM `admin` WHERE ( id=1 ) LIMIT 1   [ RunTime:0.0002s ]
SQL: SELECT `username` FROM `admin` WHERE ( id=1 ) LIMIT 1   [ RunTime:0.0002s ]
SQL: SELECT `username` FROM `admin` WHERE ( id=1 ) LIMIT 1   [ RunTime:0.0002s ]
SQL: SELECT `username` FROM `admin` WHERE ( id=1 ) LIMIT 1   [ RunTime:0.0002s ]
SQL: SELECT `username` FROM `admin` WHERE ( id=1 ) LIMIT 1   [ RunTime:0.0002s ]
SQL: SELECT `username` FROM `admin` WHERE ( id=1 ) LIMIT 1   [ RunTime:0.0002s ]
SQL: SELECT `username` FROM `admin` WHERE ( id=1 ) LIMIT 1   [ RunTime:0.0001s ]
SQL: SELECT `news_id`,`title`,`ctime`,`admin_id`,`source`,`cover_img`,`grade`,`profile` FROM `news` WHERE ( grade in (1,2) ) ORDER BY utime DESC  [ RunTime:0.0015s ]

[ 2017-12-01T15:30:51+08:00 ] 192.168.8.105 /index.php/News/index
INFO: [ app_init ] --START--
INFO: Run Behavior\BuildLiteBehavior [ RunTime:0.000013s ]
INFO: [ app_init ] --END-- [ RunTime:0.000646s ]
INFO: [ app_begin ] --START--
INFO: Run Behavior\ReadHtmlCacheBehavior [ RunTime:0.000682s ]
INFO: [ app_begin ] --END-- [ RunTime:0.000732s ]
SQL: SHOW COLUMNS FROM `news` [ RunTime:0.0311s ]
SQL: SHOW COLUMNS FROM `user` [ RunTime:0.0235s ]
SQL: SHOW COLUMNS FROM `category` [ RunTime:0.0211s ]
SQL: SELECT * FROM `category`  [ RunTime:0.0003s ]
SQL: SELECT COUNT(*) AS tp_count FROM `news` WHERE ( grade = 3 ) LIMIT 1   [ RunTime:0.0005s ]
SQL: SELECT `news_id`,`times`,`title`,`ctime`,`admin_id`,`source`,`cover_img`,`grade`,`profile` FROM `news` WHERE ( grade=3 ) ORDER BY times DESC,utime DESC LIMIT 0,10   [ RunTime:0.0007s ]
SQL: SHOW COLUMNS FROM `admin` [ RunTime:0.0233s ]
SQL: SELECT `username` FROM `admin` WHERE ( id=1 ) LIMIT 1   [ RunTime:0.0004s ]
SQL: SELECT `username` FROM `admin` WHERE ( id=1 ) LIMIT 1   [ RunTime:0.0003s ]
SQL: SELECT `username` FROM `admin` WHERE ( id=1 ) LIMIT 1   [ RunTime:0.0002s ]
SQL: SELECT `username` FROM `admin` WHERE ( id=1 ) LIMIT 1   [ RunTime:0.0002s ]
SQL: SELECT `username` FROM `admin` WHERE ( id=1 ) LIMIT 1   [ RunTime:0.0002s ]
SQL: SELECT `username` FROM `admin` WHERE ( id=1 ) LIMIT 1   [ RunTime:0.0002s ]
SQL: SELECT `username` FROM `admin` WHERE ( id=1 ) LIMIT 1   [ RunTime:0.0002s ]
SQL: SELECT `username` FROM `admin` WHERE ( id=1 ) LIMIT 1   [ RunTime:0.0003s ]
SQL: SELECT `username` FROM `admin` WHERE ( id=1 ) LIMIT 1   [ RunTime:0.0002s ]
SQL: SELECT `username` FROM `admin` WHERE ( id=1 ) LIMIT 1   [ RunTime:0.0002s ]
SQL: SELECT `news_id`,`title`,`ctime`,`admin_id`,`source`,`cover_img`,`grade`,`profile` FROM `news` WHERE ( grade in (1,2) ) ORDER BY utime DESC  [ RunTime:0.0016s ]

[ 2017-12-01T15:31:34+08:00 ] 192.168.8.105 /index.php/News/index
INFO: [ app_init ] --START--
INFO: Run Behavior\BuildLiteBehavior [ RunTime:0.000011s ]
INFO: [ app_init ] --END-- [ RunTime:0.000454s ]
INFO: [ app_begin ] --START--
INFO: Run Behavior\ReadHtmlCacheBehavior [ RunTime:0.000519s ]
INFO: [ app_begin ] --END-- [ RunTime:0.000571s ]
SQL: SHOW COLUMNS FROM `news` [ RunTime:0.0442s ]
SQL: SHOW COLUMNS FROM `user` [ RunTime:0.0235s ]
SQL: SHOW COLUMNS FROM `category` [ RunTime:0.0172s ]
SQL: SELECT * FROM `category`  [ RunTime:0.0003s ]
SQL: SELECT COUNT(*) AS tp_count FROM `news` WHERE ( grade = 3 ) LIMIT 1   [ RunTime:0.0003s ]
SQL: SELECT `news_id`,`times`,`title`,`ctime`,`admin_id`,`source`,`cover_img`,`grade`,`profile` FROM `news` WHERE ( grade=3 ) ORDER BY times DESC,utime DESC LIMIT 0,10   [ RunTime:0.0004s ]
SQL: SHOW COLUMNS FROM `admin` [ RunTime:0.0167s ]
SQL: SELECT `username` FROM `admin` WHERE ( id=1 ) LIMIT 1   [ RunTime:0.0002s ]
SQL: SELECT `username` FROM `admin` WHERE ( id=1 ) LIMIT 1   [ RunTime:0.0002s ]
SQL: SELECT `username` FROM `admin` WHERE ( id=1 ) LIMIT 1   [ RunTime:0.0002s ]
SQL: SELECT `username` FROM `admin` WHERE ( id=1 ) LIMIT 1   [ RunTime:0.0002s ]
SQL: SELECT `username` FROM `admin` WHERE ( id=1 ) LIMIT 1   [ RunTime:0.0002s ]
SQL: SELECT `username` FROM `admin` WHERE ( id=1 ) LIMIT 1   [ RunTime:0.0002s ]
SQL: SELECT `username` FROM `admin` WHERE ( id=1 ) LIMIT 1   [ RunTime:0.0002s ]
SQL: SELECT `username` FROM `admin` WHERE ( id=1 ) LIMIT 1   [ RunTime:0.0002s ]
SQL: SELECT `username` FROM `admin` WHERE ( id=1 ) LIMIT 1   [ RunTime:0.0002s ]
SQL: SELECT `username` FROM `admin` WHERE ( id=1 ) LIMIT 1   [ RunTime:0.0002s ]
SQL: SELECT `news_id`,`title`,`ctime`,`admin_id`,`source`,`cover_img`,`grade`,`profile` FROM `news` WHERE ( grade in (1,2) ) ORDER BY utime DESC  [ RunTime:0.0012s ]

[ 2017-12-01T15:31:38+08:00 ] 192.168.8.105 /index.php/News/cate_news
INFO: [ app_init ] --START--
INFO: Run Behavior\BuildLiteBehavior [ RunTime:0.000020s ]
INFO: [ app_init ] --END-- [ RunTime:0.000747s ]
INFO: [ app_begin ] --START--
INFO: Run Behavior\ReadHtmlCacheBehavior [ RunTime:0.001025s ]
INFO: [ app_begin ] --END-- [ RunTime:0.001113s ]
SQL: SHOW COLUMNS FROM `news` [ RunTime:0.0495s ]
SQL: SELECT COUNT(*) AS tp_count FROM `news` WHERE ( grade = 3 ) LIMIT 1   [ RunTime:0.0006s ]
SQL: SELECT `news_id`,`times`,`title`,`ctime`,`admin_id`,`source`,`cover_img`,`grade`,`profile` FROM `news` WHERE ( grade=3 ) ORDER BY times DESC,utime DESC LIMIT 6,6   [ RunTime:0.0013s ]
SQL: SHOW COLUMNS FROM `admin` [ RunTime:0.0242s ]
SQL: SELECT `username` FROM `admin` WHERE ( id=1 ) LIMIT 1   [ RunTime:0.0004s ]
SQL: SELECT `username` FROM `admin` WHERE ( id=1 ) LIMIT 1   [ RunTime:0.0003s ]
SQL: SELECT `username` FROM `admin` WHERE ( id=1 ) LIMIT 1   [ RunTime:0.0003s ]
SQL: SELECT `username` FROM `admin` WHERE ( id=1 ) LIMIT 1   [ RunTime:0.0003s ]
SQL: SELECT `username` FROM `admin` WHERE ( id=1 ) LIMIT 1   [ RunTime:0.0003s ]
SQL: SELECT `username` FROM `admin` WHERE ( id=1 ) LIMIT 1   [ RunTime:0.0003s ]

[ 2017-12-01T15:31:40+08:00 ] 192.168.8.105 /index.php/News/cate_news
INFO: [ app_init ] --START--
INFO: Run Behavior\BuildLiteBehavior [ RunTime:0.000015s ]
INFO: [ app_init ] --END-- [ RunTime:0.000608s ]
INFO: [ app_begin ] --START--
INFO: Run Behavior\ReadHtmlCacheBehavior [ RunTime:0.000714s ]
INFO: [ app_begin ] --END-- [ RunTime:0.000777s ]
SQL: SHOW COLUMNS FROM `news` [ RunTime:0.0217s ]
SQL: SELECT COUNT(*) AS tp_count FROM `news` WHERE ( grade = 3 ) LIMIT 1   [ RunTime:0.0003s ]
SQL: SELECT `news_id`,`times`,`title`,`ctime`,`admin_id`,`source`,`cover_img`,`grade`,`profile` FROM `news` WHERE ( grade=3 ) ORDER BY times DESC,utime DESC LIMIT 12,6   [ RunTime:0.0005s ]
SQL: SHOW COLUMNS FROM `admin` [ RunTime:0.0179s ]
SQL: SELECT `username` FROM `admin` WHERE ( id=1 ) LIMIT 1   [ RunTime:0.0003s ]
SQL: SELECT `username` FROM `admin` WHERE ( id=1 ) LIMIT 1   [ RunTime:0.0002s ]
SQL: SELECT `username` FROM `admin` WHERE ( id=1 ) LIMIT 1   [ RunTime:0.0002s ]
SQL: SELECT `username` FROM `admin` WHERE ( id=1 ) LIMIT 1   [ RunTime:0.0002s ]
SQL: SELECT `username` FROM `admin` WHERE ( id=1 ) LIMIT 1   [ RunTime:0.0003s ]
SQL: SELECT `username` FROM `admin` WHERE ( id=1 ) LIMIT 1   [ RunTime:0.0003s ]

[ 2017-12-01T15:31:44+08:00 ] 192.168.8.105 /index.php/News/cate_news
INFO: [ app_init ] --START--
INFO: Run Behavior\BuildLiteBehavior [ RunTime:0.000011s ]
INFO: [ app_init ] --END-- [ RunTime:0.000647s ]
INFO: [ app_begin ] --START--
INFO: Run Behavior\ReadHtmlCacheBehavior [ RunTime:0.000511s ]
INFO: [ app_begin ] --END-- [ RunTime:0.000569s ]
SQL: SHOW COLUMNS FROM `news` [ RunTime:0.0338s ]
SQL: SELECT COUNT(*) AS tp_count FROM `news` WHERE ( grade = 3 ) LIMIT 1   [ RunTime:0.0005s ]
SQL: SELECT `news_id`,`times`,`title`,`ctime`,`admin_id`,`source`,`cover_img`,`grade`,`profile` FROM `news` WHERE ( grade=3 ) ORDER BY times DESC,utime DESC LIMIT 18,6   [ RunTime:0.0007s ]
SQL: SHOW COLUMNS FROM `admin` [ RunTime:0.0219s ]
SQL: SELECT `username` FROM `admin` WHERE ( id=1 ) LIMIT 1   [ RunTime:0.0003s ]
SQL: SELECT `username` FROM `admin` WHERE ( id=1 ) LIMIT 1   [ RunTime:0.0003s ]
SQL: SELECT `username` FROM `admin` WHERE ( id=1 ) LIMIT 1   [ RunTime:0.0003s ]
SQL: SELECT `username` FROM `admin` WHERE ( id=1 ) LIMIT 1   [ RunTime:0.0002s ]
SQL: SELECT `username` FROM `admin` WHERE ( id=1 ) LIMIT 1   [ RunTime:0.0003s ]
SQL: SELECT `username` FROM `admin` WHERE ( id=1 ) LIMIT 1   [ RunTime:0.0002s ]

[ 2017-12-01T15:31:45+08:00 ] 192.168.8.105 /index.php/News/cate_news
INFO: [ app_init ] --START--
INFO: Run Behavior\BuildLiteBehavior [ RunTime:0.000025s ]
INFO: [ app_init ] --END-- [ RunTime:0.000993s ]
INFO: [ app_begin ] --START--
INFO: Run Behavior\ReadHtmlCacheBehavior [ RunTime:0.001213s ]
INFO: [ app_begin ] --END-- [ RunTime:0.001318s ]
SQL: SHOW COLUMNS FROM `news` [ RunTime:0.0403s ]
SQL: SELECT COUNT(*) AS tp_count FROM `news` WHERE ( grade = 3 ) LIMIT 1   [ RunTime:0.0004s ]
SQL: SELECT `news_id`,`times`,`title`,`ctime`,`admin_id`,`source`,`cover_img`,`grade`,`profile` FROM `news` WHERE ( grade=3 ) ORDER BY times DESC,utime DESC LIMIT 24,6   [ RunTime:0.0008s ]
SQL: SHOW COLUMNS FROM `admin` [ RunTime:0.0214s ]
SQL: SELECT `username` FROM `admin` WHERE ( id=1 ) LIMIT 1   [ RunTime:0.0003s ]
SQL: SELECT `username` FROM `admin` WHERE ( id=1 ) LIMIT 1   [ RunTime:0.0003s ]
SQL: SELECT `username` FROM `admin` WHERE ( id=1 ) LIMIT 1   [ RunTime:0.0003s ]
SQL: SELECT `username` FROM `admin` WHERE ( id=1 ) LIMIT 1   [ RunTime:0.0002s ]
SQL: SELECT `username` FROM `admin` WHERE ( id=1 ) LIMIT 1   [ RunTime:0.0003s ]
SQL: SELECT `username` FROM `admin` WHERE ( id=1 ) LIMIT 1   [ RunTime:0.0003s ]

[ 2017-12-01T15:31:46+08:00 ] 192.168.8.105 /index.php/News/cate_news
INFO: [ app_init ] --START--
INFO: Run Behavior\BuildLiteBehavior [ RunTime:0.000017s ]
INFO: [ app_init ] --END-- [ RunTime:0.001213s ]
INFO: [ app_begin ] --START--
INFO: Run Behavior\ReadHtmlCacheBehavior [ RunTime:0.000738s ]
INFO: [ app_begin ] --END-- [ RunTime:0.000802s ]
SQL: SHOW COLUMNS FROM `news` [ RunTime:0.0391s ]
SQL: SELECT COUNT(*) AS tp_count FROM `news` WHERE ( grade = 3 ) LIMIT 1   [ RunTime:0.0006s ]
SQL: SELECT `news_id`,`times`,`title`,`ctime`,`admin_id`,`source`,`cover_img`,`grade`,`profile` FROM `news` WHERE ( grade=3 ) ORDER BY times DESC,utime DESC LIMIT 30,6   [ RunTime:0.0011s ]
SQL: SHOW COLUMNS FROM `admin` [ RunTime:0.0197s ]
SQL: SELECT `username` FROM `admin` WHERE ( id=1 ) LIMIT 1   [ RunTime:0.0003s ]
SQL: SELECT `username` FROM `admin` WHERE ( id=1 ) LIMIT 1   [ RunTime:0.0003s ]
SQL: SELECT `username` FROM `admin` WHERE ( id=1 ) LIMIT 1   [ RunTime:0.0003s ]
SQL: SELECT `username` FROM `admin` WHERE ( id=1 ) LIMIT 1   [ RunTime:0.0003s ]
SQL: SELECT `username` FROM `admin` WHERE ( id=1 ) LIMIT 1   [ RunTime:0.0003s ]
SQL: SELECT `username` FROM `admin` WHERE ( id=1 ) LIMIT 1   [ RunTime:0.0003s ]

[ 2017-12-01T15:31:47+08:00 ] 192.168.8.105 /index.php/News/cate_news
INFO: [ app_init ] --START--
INFO: Run Behavior\BuildLiteBehavior [ RunTime:0.000011s ]
INFO: [ app_init ] --END-- [ RunTime:0.000463s ]
INFO: [ app_begin ] --START--
INFO: Run Behavior\ReadHtmlCacheBehavior [ RunTime:0.000856s ]
INFO: [ app_begin ] --END-- [ RunTime:0.000962s ]
SQL: SHOW COLUMNS FROM `news` [ RunTime:0.0219s ]
SQL: SELECT COUNT(*) AS tp_count FROM `news` WHERE ( grade = 3 ) LIMIT 1   [ RunTime:0.0004s ]
SQL: SELECT `news_id`,`times`,`title`,`ctime`,`admin_id`,`source`,`cover_img`,`grade`,`profile` FROM `news` WHERE ( grade=3 ) ORDER BY times DESC,utime DESC LIMIT 36,6   [ RunTime:0.0018s ]
SQL: SHOW COLUMNS FROM `admin` [ RunTime:0.0209s ]
SQL: SELECT `username` FROM `admin` WHERE ( id=1 ) LIMIT 1   [ RunTime:0.0003s ]
SQL: SELECT `username` FROM `admin` WHERE ( id=1 ) LIMIT 1   [ RunTime:0.0003s ]
SQL: SELECT `username` FROM `admin` WHERE ( id=1 ) LIMIT 1   [ RunTime:0.0002s ]
SQL: SELECT `username` FROM `admin` WHERE ( id=1 ) LIMIT 1   [ RunTime:0.0002s ]
SQL: SELECT `username` FROM `admin` WHERE ( id=1 ) LIMIT 1   [ RunTime:0.0002s ]
SQL: SELECT `username` FROM `admin` WHERE ( id=1 ) LIMIT 1   [ RunTime:0.0003s ]

[ 2017-12-01T15:31:50+08:00 ] 192.168.8.105 /index.php/News/cate_news
INFO: [ app_init ] --START--
INFO: Run Behavior\BuildLiteBehavior [ RunTime:0.000022s ]
INFO: [ app_init ] --END-- [ RunTime:0.000888s ]
INFO: [ app_begin ] --START--
INFO: Run Behavior\ReadHtmlCacheBehavior [ RunTime:0.000798s ]
INFO: [ app_begin ] --END-- [ RunTime:0.000868s ]
SQL: SHOW COLUMNS FROM `news` [ RunTime:0.0367s ]
SQL: SELECT COUNT(*) AS tp_count FROM `news` WHERE ( grade = 3 ) LIMIT 1   [ RunTime:0.0007s ]
SQL: SELECT `news_id`,`times`,`title`,`ctime`,`admin_id`,`source`,`cover_img`,`grade`,`profile` FROM `news` WHERE ( grade=3 ) ORDER BY times DESC,utime DESC LIMIT 42,6   [ RunTime:0.0015s ]
SQL: SHOW COLUMNS FROM `admin` [ RunTime:0.0249s ]
SQL: SELECT `username` FROM `admin` WHERE ( id=1 ) LIMIT 1   [ RunTime:0.0003s ]
SQL: SELECT `username` FROM `admin` WHERE ( id=1 ) LIMIT 1   [ RunTime:0.0003s ]
SQL: SELECT `username` FROM `admin` WHERE ( id=1 ) LIMIT 1   [ RunTime:0.0003s ]
SQL: SELECT `username` FROM `admin` WHERE ( id=1 ) LIMIT 1   [ RunTime:0.0003s ]
SQL: SELECT `username` FROM `admin` WHERE ( id=1 ) LIMIT 1   [ RunTime:0.0003s ]
SQL: SELECT `username` FROM `admin` WHERE ( id=1 ) LIMIT 1   [ RunTime:0.0003s ]

[ 2017-12-01T15:31:52+08:00 ] 192.168.8.105 /index.php/News/cate_news
INFO: [ app_init ] --START--
INFO: Run Behavior\BuildLiteBehavior [ RunTime:0.000040s ]
INFO: [ app_init ] --END-- [ RunTime:0.002364s ]
INFO: [ app_begin ] --START--
INFO: Run Behavior\ReadHtmlCacheBehavior [ RunTime:0.000839s ]
INFO: [ app_begin ] --END-- [ RunTime:0.000906s ]
SQL: SHOW COLUMNS FROM `news` [ RunTime:0.0485s ]
SQL: SELECT COUNT(*) AS tp_count FROM `news` WHERE ( grade = 3 ) LIMIT 1   [ RunTime:0.0005s ]
SQL: SELECT `news_id`,`times`,`title`,`ctime`,`admin_id`,`source`,`cover_img`,`grade`,`profile` FROM `news` WHERE ( grade=3 ) ORDER BY times DESC,utime DESC LIMIT 48,6   [ RunTime:0.0009s ]
SQL: SHOW COLUMNS FROM `admin` [ RunTime:0.0230s ]
SQL: SELECT `username` FROM `admin` WHERE ( id=1 ) LIMIT 1   [ RunTime:0.0003s ]
SQL: SELECT `username` FROM `admin` WHERE ( id=1 ) LIMIT 1   [ RunTime:0.0003s ]
SQL: SELECT `username` FROM `admin` WHERE ( id=1 ) LIMIT 1   [ RunTime:0.0002s ]
SQL: SELECT `username` FROM `admin` WHERE ( id=1 ) LIMIT 1   [ RunTime:0.0002s ]
SQL: SELECT `username` FROM `admin` WHERE ( id=1 ) LIMIT 1   [ RunTime:0.0002s ]
SQL: SELECT `username` FROM `admin` WHERE ( id=1 ) LIMIT 1   [ RunTime:0.0003s ]

[ 2017-12-01T15:31:54+08:00 ] 192.168.8.105 /index.php/News/cate_news
INFO: [ app_init ] --START--
INFO: Run Behavior\BuildLiteBehavior [ RunTime:0.000016s ]
INFO: [ app_init ] --END-- [ RunTime:0.000631s ]
INFO: [ app_begin ] --START--
INFO: Run Behavior\ReadHtmlCacheBehavior [ RunTime:0.001057s ]
INFO: [ app_begin ] --END-- [ RunTime:0.001273s ]
SQL: SHOW COLUMNS FROM `news` [ RunTime:0.0193s ]
SQL: SELECT COUNT(*) AS tp_count FROM `news` WHERE ( grade = 3 ) LIMIT 1   [ RunTime:0.0003s ]
SQL: SELECT `news_id`,`times`,`title`,`ctime`,`admin_id`,`source`,`cover_img`,`grade`,`profile` FROM `news` WHERE ( grade=3 ) ORDER BY times DESC,utime DESC LIMIT 54,6   [ RunTime:0.0008s ]
SQL: SHOW COLUMNS FROM `admin` [ RunTime:0.0190s ]
SQL: SELECT `username` FROM `admin` WHERE ( id=1 ) LIMIT 1   [ RunTime:0.0004s ]
SQL: SELECT `username` FROM `admin` WHERE ( id=1 ) LIMIT 1   [ RunTime:0.0003s ]
SQL: SELECT `username` FROM `admin` WHERE ( id=1 ) LIMIT 1   [ RunTime:0.0002s ]
SQL: SELECT `username` FROM `admin` WHERE ( id=1 ) LIMIT 1   [ RunTime:0.0002s ]
SQL: SELECT `username` FROM `admin` WHERE ( id=1 ) LIMIT 1   [ RunTime:0.0002s ]
SQL: SELECT `username` FROM `admin` WHERE ( id=1 ) LIMIT 1   [ RunTime:0.0002s ]

[ 2017-12-01T15:31:55+08:00 ] 192.168.8.105 /index.php/News/cate_news
INFO: [ app_init ] --START--
INFO: Run Behavior\BuildLiteBehavior [ RunTime:0.000011s ]
INFO: [ app_init ] --END-- [ RunTime:0.000475s ]
INFO: [ app_begin ] --START--
INFO: Run Behavior\ReadHtmlCacheBehavior [ RunTime:0.000515s ]
INFO: [ app_begin ] --END-- [ RunTime:0.000556s ]
SQL: SHOW COLUMNS FROM `news` [ RunTime:0.0282s ]
SQL: SELECT COUNT(*) AS tp_count FROM `news` WHERE ( grade = 3 ) LIMIT 1   [ RunTime:0.0004s ]
SQL: SELECT `news_id`,`times`,`title`,`ctime`,`admin_id`,`source`,`cover_img`,`grade`,`profile` FROM `news` WHERE ( grade=3 ) ORDER BY times DESC,utime DESC LIMIT 60,6   [ RunTime:0.0009s ]
SQL: SHOW COLUMNS FROM `admin` [ RunTime:0.0210s ]
SQL: SELECT `username` FROM `admin` WHERE ( id=1 ) LIMIT 1   [ RunTime:0.0003s ]
SQL: SELECT `username` FROM `admin` WHERE ( id=1 ) LIMIT 1   [ RunTime:0.0003s ]
SQL: SELECT `username` FROM `admin` WHERE ( id=1 ) LIMIT 1   [ RunTime:0.0003s ]
SQL: SELECT `username` FROM `admin` WHERE ( id=1 ) LIMIT 1   [ RunTime:0.0003s ]
SQL: SELECT `username` FROM `admin` WHERE ( id=1 ) LIMIT 1   [ RunTime:0.0003s ]
SQL: SELECT `username` FROM `admin` WHERE ( id=1 ) LIMIT 1   [ RunTime:0.0003s ]

[ 2017-12-01T15:31:56+08:00 ] 192.168.8.105 /index.php/News/cate_news
INFO: [ app_init ] --START--
INFO: Run Behavior\BuildLiteBehavior [ RunTime:0.000018s ]
INFO: [ app_init ] --END-- [ RunTime:0.001197s ]
INFO: [ app_begin ] --START--
INFO: Run Behavior\ReadHtmlCacheBehavior [ RunTime:0.001055s ]
INFO: [ app_begin ] --END-- [ RunTime:0.001143s ]
SQL: SHOW COLUMNS FROM `news` [ RunTime:0.0210s ]
SQL: SELECT COUNT(*) AS tp_count FROM `news` WHERE ( grade = 3 ) LIMIT 1   [ RunTime:0.0005s ]
SQL: SELECT `news_id`,`times`,`title`,`ctime`,`admin_id`,`source`,`cover_img`,`grade`,`profile` FROM `news` WHERE ( grade=3 ) ORDER BY times DESC,utime DESC LIMIT 66,6   [ RunTime:0.0009s ]
SQL: SHOW COLUMNS FROM `admin` [ RunTime:0.0223s ]
SQL: SELECT `username` FROM `admin` WHERE ( id=1 ) LIMIT 1   [ RunTime:0.0003s ]
SQL: SELECT `username` FROM `admin` WHERE ( id=1 ) LIMIT 1   [ RunTime:0.0003s ]
SQL: SELECT `username` FROM `admin` WHERE ( id=1 ) LIMIT 1   [ RunTime:0.0003s ]
SQL: SELECT `username` FROM `admin` WHERE ( id=1 ) LIMIT 1   [ RunTime:0.0003s ]
SQL: SELECT `username` FROM `admin` WHERE ( id=1 ) LIMIT 1   [ RunTime:0.0003s ]
SQL: SELECT `username` FROM `admin` WHERE ( id=1 ) LIMIT 1   [ RunTime:0.0003s ]

[ 2017-12-01T15:31:58+08:00 ] 192.168.8.105 /index.php/News/cate_news
INFO: [ app_init ] --START--
INFO: Run Behavior\BuildLiteBehavior [ RunTime:0.000020s ]
INFO: [ app_init ] --END-- [ RunTime:0.000803s ]
INFO: [ app_begin ] --START--
INFO: Run Behavior\ReadHtmlCacheBehavior [ RunTime:0.000943s ]
INFO: [ app_begin ] --END-- [ RunTime:0.001025s ]
SQL: SHOW COLUMNS FROM `news` [ RunTime:0.0452s ]
SQL: SELECT COUNT(*) AS tp_count FROM `news` WHERE ( grade = 3 ) LIMIT 1   [ RunTime:0.0004s ]
SQL: SELECT `news_id`,`times`,`title`,`ctime`,`admin_id`,`source`,`cover_img`,`grade`,`profile` FROM `news` WHERE ( grade=3 ) ORDER BY times DESC,utime DESC LIMIT 72,6   [ RunTime:0.0008s ]
SQL: SHOW COLUMNS FROM `admin` [ RunTime:0.0182s ]
SQL: SELECT `username` FROM `admin` WHERE ( id=1 ) LIMIT 1   [ RunTime:0.0003s ]
SQL: SELECT `username` FROM `admin` WHERE ( id=1 ) LIMIT 1   [ RunTime:0.0004s ]
SQL: SELECT `username` FROM `admin` WHERE ( id=1 ) LIMIT 1   [ RunTime:0.0002s ]
SQL: SELECT `username` FROM `admin` WHERE ( id=1 ) LIMIT 1   [ RunTime:0.0003s ]
SQL: SELECT `username` FROM `admin` WHERE ( id=1 ) LIMIT 1   [ RunTime:0.0003s ]
SQL: SELECT `username` FROM `admin` WHERE ( id=1 ) LIMIT 1   [ RunTime:0.0002s ]

[ 2017-12-01T15:32:00+08:00 ] 192.168.8.105 /index.php/News/cate_news
INFO: [ app_init ] --START--
INFO: Run Behavior\BuildLiteBehavior [ RunTime:0.000012s ]
INFO: [ app_init ] --END-- [ RunTime:0.000585s ]
INFO: [ app_begin ] --START--
INFO: Run Behavior\ReadHtmlCacheBehavior [ RunTime:0.000516s ]
INFO: [ app_begin ] --END-- [ RunTime:0.000562s ]
SQL: SHOW COLUMNS FROM `news` [ RunTime:0.0177s ]
SQL: SELECT COUNT(*) AS tp_count FROM `news` WHERE ( grade = 3 ) LIMIT 1   [ RunTime:0.0004s ]
SQL: SELECT `news_id`,`times`,`title`,`ctime`,`admin_id`,`source`,`cover_img`,`grade`,`profile` FROM `news` WHERE ( grade=3 ) ORDER BY times DESC,utime DESC LIMIT 78,6   [ RunTime:0.0008s ]
SQL: SHOW COLUMNS FROM `admin` [ RunTime:0.0165s ]
SQL: SELECT `username` FROM `admin` WHERE ( id=1 ) LIMIT 1   [ RunTime:0.0003s ]
SQL: SELECT `username` FROM `admin` WHERE ( id=1 ) LIMIT 1   [ RunTime:0.0003s ]
SQL: SELECT `username` FROM `admin` WHERE ( id=1 ) LIMIT 1   [ RunTime:0.0002s ]
SQL: SELECT `username` FROM `admin` WHERE ( id=1 ) LIMIT 1   [ RunTime:0.0002s ]
SQL: SELECT `username` FROM `admin` WHERE ( id=1 ) LIMIT 1   [ RunTime:0.0002s ]
SQL: SELECT `username` FROM `admin` WHERE ( id=1 ) LIMIT 1   [ RunTime:0.0002s ]

[ 2017-12-01T15:32:03+08:00 ] 192.168.8.105 /index.php/News/cate_news
INFO: [ app_init ] --START--
INFO: Run Behavior\BuildLiteBehavior [ RunTime:0.000025s ]
INFO: [ app_init ] --END-- [ RunTime:0.000986s ]
INFO: [ app_begin ] --START--
INFO: Run Behavior\ReadHtmlCacheBehavior [ RunTime:0.001181s ]
INFO: [ app_begin ] --END-- [ RunTime:0.001285s ]
SQL: SHOW COLUMNS FROM `news` [ RunTime:0.0514s ]
SQL: SELECT COUNT(*) AS tp_count FROM `news` WHERE ( grade = 3 ) LIMIT 1   [ RunTime:0.0004s ]
SQL: SELECT `news_id`,`times`,`title`,`ctime`,`admin_id`,`source`,`cover_img`,`grade`,`profile` FROM `news` WHERE ( grade=3 ) ORDER BY times DESC,utime DESC LIMIT 84,6   [ RunTime:0.0008s ]
SQL: SHOW COLUMNS FROM `admin` [ RunTime:0.0167s ]
SQL: SELECT `username` FROM `admin` WHERE ( id=1 ) LIMIT 1   [ RunTime:0.0003s ]
SQL: SELECT `username` FROM `admin` WHERE ( id=1 ) LIMIT 1   [ RunTime:0.0002s ]
SQL: SELECT `username` FROM `admin` WHERE ( id=1 ) LIMIT 1   [ RunTime:0.0002s ]
SQL: SELECT `username` FROM `admin` WHERE ( id=1 ) LIMIT 1   [ RunTime:0.0002s ]
SQL: SELECT `username` FROM `admin` WHERE ( id=1 ) LIMIT 1   [ RunTime:0.0002s ]
SQL: SELECT `username` FROM `admin` WHERE ( id=1 ) LIMIT 1   [ RunTime:0.0002s ]

[ 2017-12-01T15:32:05+08:00 ] 192.168.8.105 /index.php/News/cate_news
INFO: [ app_init ] --START--
INFO: Run Behavior\BuildLiteBehavior [ RunTime:0.000025s ]
INFO: [ app_init ] --END-- [ RunTime:0.001000s ]
INFO: [ app_begin ] --START--
INFO: Run Behavior\ReadHtmlCacheBehavior [ RunTime:0.001312s ]
INFO: [ app_begin ] --END-- [ RunTime:0.001419s ]
SQL: SHOW COLUMNS FROM `news` [ RunTime:0.0438s ]
SQL: SELECT COUNT(*) AS tp_count FROM `news` WHERE ( grade = 3 ) LIMIT 1   [ RunTime:0.0004s ]
SQL: SELECT `news_id`,`times`,`title`,`ctime`,`admin_id`,`source`,`cover_img`,`grade`,`profile` FROM `news` WHERE ( grade=3 ) ORDER BY times DESC,utime DESC LIMIT 90,6   [ RunTime:0.0011s ]
SQL: SHOW COLUMNS FROM `admin` [ RunTime:0.0202s ]
SQL: SELECT `username` FROM `admin` WHERE ( id=1 ) LIMIT 1   [ RunTime:0.0004s ]
SQL: SELECT `username` FROM `admin` WHERE ( id=1 ) LIMIT 1   [ RunTime:0.0003s ]
SQL: SELECT `username` FROM `admin` WHERE ( id=1 ) LIMIT 1   [ RunTime:0.0002s ]

[ 2017-12-01T15:34:27+08:00 ] 192.168.8.105 /index.php/News/index
INFO: [ app_init ] --START--
INFO: Run Behavior\BuildLiteBehavior [ RunTime:0.000022s ]
INFO: [ app_init ] --END-- [ RunTime:0.001258s ]
INFO: [ app_begin ] --START--
INFO: Run Behavior\ReadHtmlCacheBehavior [ RunTime:0.000700s ]
INFO: [ app_begin ] --END-- [ RunTime:0.000749s ]
SQL: SHOW COLUMNS FROM `news` [ RunTime:0.0489s ]
SQL: SHOW COLUMNS FROM `user` [ RunTime:0.0185s ]
SQL: SHOW COLUMNS FROM `category` [ RunTime:0.0162s ]
SQL: SELECT * FROM `category`  [ RunTime:0.0003s ]
SQL: SELECT COUNT(*) AS tp_count FROM `news` WHERE ( grade = 3 ) LIMIT 1   [ RunTime:0.0003s ]
SQL: SELECT `news_id`,`times`,`title`,`ctime`,`admin_id`,`source`,`cover_img`,`grade`,`profile` FROM `news` WHERE ( grade=3 ) ORDER BY times DESC,utime DESC LIMIT 0,10   [ RunTime:0.0005s ]
SQL: SHOW COLUMNS FROM `admin` [ RunTime:0.0165s ]
SQL: SELECT `username` FROM `admin` WHERE ( id=1 ) LIMIT 1   [ RunTime:0.0003s ]
SQL: SELECT `username` FROM `admin` WHERE ( id=1 ) LIMIT 1   [ RunTime:0.0002s ]
SQL: SELECT `username` FROM `admin` WHERE ( id=1 ) LIMIT 1   [ RunTime:0.0002s ]
SQL: SELECT `username` FROM `admin` WHERE ( id=1 ) LIMIT 1   [ RunTime:0.0003s ]
SQL: SELECT `username` FROM `admin` WHERE ( id=1 ) LIMIT 1   [ RunTime:0.0003s ]
SQL: SELECT `username` FROM `admin` WHERE ( id=1 ) LIMIT 1   [ RunTime:0.0002s ]
SQL: SELECT `username` FROM `admin` WHERE ( id=1 ) LIMIT 1   [ RunTime:0.0002s ]
SQL: SELECT `username` FROM `admin` WHERE ( id=1 ) LIMIT 1   [ RunTime:0.0002s ]
SQL: SELECT `username` FROM `admin` WHERE ( id=1 ) LIMIT 1   [ RunTime:0.0002s ]
SQL: SELECT `username` FROM `admin` WHERE ( id=1 ) LIMIT 1   [ RunTime:0.0002s ]
SQL: SELECT `news_id`,`title`,`ctime`,`admin_id`,`source`,`cover_img`,`grade`,`profile` FROM `news` WHERE ( grade in (1,2) ) ORDER BY utime DESC  [ RunTime:0.0014s ]

[ 2017-12-01T15:34:31+08:00 ] 192.168.8.105 /index.php/News/cate_news
INFO: [ app_init ] --START--
INFO: Run Behavior\BuildLiteBehavior [ RunTime:0.000015s ]
INFO: [ app_init ] --END-- [ RunTime:0.000599s ]
INFO: [ app_begin ] --START--
INFO: Run Behavior\ReadHtmlCacheBehavior [ RunTime:0.000702s ]
INFO: [ app_begin ] --END-- [ RunTime:0.000767s ]
SQL: SHOW COLUMNS FROM `news` [ RunTime:0.0203s ]
SQL: SELECT COUNT(*) AS tp_count FROM `news` WHERE ( grade = 3 ) LIMIT 1   [ RunTime:0.0004s ]
SQL: SELECT `news_id`,`times`,`title`,`ctime`,`admin_id`,`source`,`cover_img`,`grade`,`profile` FROM `news` WHERE ( grade=3 ) ORDER BY times DESC,utime DESC LIMIT 6,6   [ RunTime:0.0007s ]
SQL: SHOW COLUMNS FROM `admin` [ RunTime:0.0180s ]
SQL: SELECT `username` FROM `admin` WHERE ( id=1 ) LIMIT 1   [ RunTime:0.0004s ]
SQL: SELECT `username` FROM `admin` WHERE ( id=1 ) LIMIT 1   [ RunTime:0.0003s ]
SQL: SELECT `username` FROM `admin` WHERE ( id=1 ) LIMIT 1   [ RunTime:0.0002s ]
SQL: SELECT `username` FROM `admin` WHERE ( id=1 ) LIMIT 1   [ RunTime:0.0002s ]
SQL: SELECT `username` FROM `admin` WHERE ( id=1 ) LIMIT 1   [ RunTime:0.0001s ]
SQL: SELECT `username` FROM `admin` WHERE ( id=1 ) LIMIT 1   [ RunTime:0.0002s ]

[ 2017-12-01T15:34:33+08:00 ] 192.168.8.105 /index.php/News/cate_news
INFO: [ app_init ] --START--
INFO: Run Behavior\BuildLiteBehavior [ RunTime:0.000040s ]
INFO: [ app_init ] --END-- [ RunTime:0.001706s ]
INFO: [ app_begin ] --START--
INFO: Run Behavior\ReadHtmlCacheBehavior [ RunTime:0.000686s ]
INFO: [ app_begin ] --END-- [ RunTime:0.000748s ]
SQL: SHOW COLUMNS FROM `news` [ RunTime:0.0458s ]
SQL: SELECT COUNT(*) AS tp_count FROM `news` WHERE ( grade = 3 ) LIMIT 1   [ RunTime:0.0007s ]
SQL: SELECT `news_id`,`times`,`title`,`ctime`,`admin_id`,`source`,`cover_img`,`grade`,`profile` FROM `news` WHERE ( grade=3 ) ORDER BY times DESC,utime DESC LIMIT 12,6   [ RunTime:0.0010s ]
SQL: SHOW COLUMNS FROM `admin` [ RunTime:0.0173s ]
SQL: SELECT `username` FROM `admin` WHERE ( id=1 ) LIMIT 1   [ RunTime:0.0003s ]
SQL: SELECT `username` FROM `admin` WHERE ( id=1 ) LIMIT 1   [ RunTime:0.0003s ]
SQL: SELECT `username` FROM `admin` WHERE ( id=1 ) LIMIT 1   [ RunTime:0.0003s ]
SQL: SELECT `username` FROM `admin` WHERE ( id=1 ) LIMIT 1   [ RunTime:0.0003s ]
SQL: SELECT `username` FROM `admin` WHERE ( id=1 ) LIMIT 1   [ RunTime:0.0003s ]
SQL: SELECT `username` FROM `admin` WHERE ( id=1 ) LIMIT 1   [ RunTime:0.0002s ]

[ 2017-12-01T15:34:36+08:00 ] 192.168.8.105 /index.php/News/cate_news
INFO: [ app_init ] --START--
INFO: Run Behavior\BuildLiteBehavior [ RunTime:0.000019s ]
INFO: [ app_init ] --END-- [ RunTime:0.000825s ]
INFO: [ app_begin ] --START--
INFO: Run Behavior\ReadHtmlCacheBehavior [ RunTime:0.001263s ]
INFO: [ app_begin ] --END-- [ RunTime:0.001354s ]
SQL: SHOW COLUMNS FROM `news` [ RunTime:0.0373s ]
SQL: SELECT COUNT(*) AS tp_count FROM `news` WHERE ( grade = 3 ) LIMIT 1   [ RunTime:0.0004s ]
SQL: SELECT `news_id`,`times`,`title`,`ctime`,`admin_id`,`source`,`cover_img`,`grade`,`profile` FROM `news` WHERE ( grade=3 ) ORDER BY times DESC,utime DESC LIMIT 18,6   [ RunTime:0.0007s ]
SQL: SHOW COLUMNS FROM `admin` [ RunTime:0.0216s ]
SQL: SELECT `username` FROM `admin` WHERE ( id=1 ) LIMIT 1   [ RunTime:0.0003s ]
SQL: SELECT `username` FROM `admin` WHERE ( id=1 ) LIMIT 1   [ RunTime:0.0002s ]
SQL: SELECT `username` FROM `admin` WHERE ( id=1 ) LIMIT 1   [ RunTime:0.0002s ]
SQL: SELECT `username` FROM `admin` WHERE ( id=1 ) LIMIT 1   [ RunTime:0.0003s ]
SQL: SELECT `username` FROM `admin` WHERE ( id=1 ) LIMIT 1   [ RunTime:0.0003s ]
SQL: SELECT `username` FROM `admin` WHERE ( id=1 ) LIMIT 1   [ RunTime:0.0002s ]

[ 2017-12-01T15:34:43+08:00 ] 192.168.8.105 /index.php/News/cate_news
INFO: [ app_init ] --START--
INFO: Run Behavior\BuildLiteBehavior [ RunTime:0.000021s ]
INFO: [ app_init ] --END-- [ RunTime:0.000851s ]
INFO: [ app_begin ] --START--
INFO: Run Behavior\ReadHtmlCacheBehavior [ RunTime:0.000997s ]
INFO: [ app_begin ] --END-- [ RunTime:0.001084s ]
SQL: SHOW COLUMNS FROM `news` [ RunTime:0.0547s ]
SQL: SELECT news.news_id,news.title,news.times,news.ctime,news.admin_id,news.source,news.cover_img,news.grade,re.cate_id FROM `news` INNER JOIN relevance re on news.news_id = re.news_id  WHERE ( news.grade = 3 and re.cate_id=3 )  [ RunTime:0.0045s ]
SQL: SELECT news.news_id,news.title,news.times,news.ctime,news.admin_id,news.source,news.cover_img,news.grade,re.cate_id FROM `news` INNER JOIN relevance re on news.news_id = re.news_id  WHERE ( news.grade = 3 and re.cate_id=3 ) LIMIT 0,6   [ RunTime:0.0006s ]
SQL: SHOW COLUMNS FROM `admin` [ RunTime:0.0261s ]
SQL: SELECT `username` FROM `admin` WHERE ( id=1 ) LIMIT 1   [ RunTime:0.0003s ]
SQL: SELECT `username` FROM `admin` WHERE ( id=1 ) LIMIT 1   [ RunTime:0.0003s ]
SQL: SELECT `username` FROM `admin` WHERE ( id=1 ) LIMIT 1   [ RunTime:0.0002s ]
SQL: SELECT `username` FROM `admin` WHERE ( id=1 ) LIMIT 1   [ RunTime:0.0003s ]

[ 2017-12-01T15:35:11+08:00 ] 192.168.8.105 /index.php/News/cate_news
INFO: [ app_init ] --START--
INFO: Run Behavior\BuildLiteBehavior [ RunTime:0.000017s ]
INFO: [ app_init ] --END-- [ RunTime:0.001023s ]
INFO: [ app_begin ] --START--
INFO: Run Behavior\ReadHtmlCacheBehavior [ RunTime:0.000770s ]
INFO: [ app_begin ] --END-- [ RunTime:0.000817s ]
SQL: SHOW COLUMNS FROM `news` [ RunTime:0.0245s ]
SQL: SELECT news.news_id,news.title,news.times,news.ctime,news.admin_id,news.source,news.cover_img,news.grade,re.cate_id FROM `news` INNER JOIN relevance re on news.news_id = re.news_id  WHERE ( news.grade = 3 and re.cate_id=4 )  [ RunTime:0.0006s ]
SQL: SELECT news.news_id,news.title,news.times,news.ctime,news.admin_id,news.source,news.cover_img,news.grade,re.cate_id FROM `news` INNER JOIN relevance re on news.news_id = re.news_id  WHERE ( news.grade = 3 and re.cate_id=4 ) LIMIT 0,6   [ RunTime:0.0005s ]
SQL: SHOW COLUMNS FROM `admin` [ RunTime:0.0240s ]
SQL: SELECT `username` FROM `admin` WHERE ( id=1 ) LIMIT 1   [ RunTime:0.0003s ]
SQL: SELECT `username` FROM `admin` WHERE ( id=1 ) LIMIT 1   [ RunTime:0.0005s ]
SQL: SELECT `username` FROM `admin` WHERE ( id=1 ) LIMIT 1   [ RunTime:0.0002s ]
SQL: SELECT `username` FROM `admin` WHERE ( id=1 ) LIMIT 1   [ RunTime:0.0002s ]

[ 2017-12-01T15:36:15+08:00 ] 192.168.8.105 /index.php/News/index
INFO: [ app_init ] --START--
INFO: Run Behavior\BuildLiteBehavior [ RunTime:0.000022s ]
INFO: [ app_init ] --END-- [ RunTime:0.000905s ]
INFO: [ app_begin ] --START--
INFO: Run Behavior\ReadHtmlCacheBehavior [ RunTime:0.001120s ]
INFO: [ app_begin ] --END-- [ RunTime:0.001220s ]
SQL: SHOW COLUMNS FROM `news` [ RunTime:0.0407s ]
SQL: SHOW COLUMNS FROM `user` [ RunTime:0.0295s ]
SQL: SHOW COLUMNS FROM `category` [ RunTime:0.0203s ]
SQL: SELECT * FROM `category`  [ RunTime:0.0004s ]
SQL: SELECT COUNT(*) AS tp_count FROM `news` WHERE ( grade = 3 ) LIMIT 1   [ RunTime:0.0003s ]
SQL: SELECT `news_id`,`times`,`title`,`ctime`,`admin_id`,`source`,`cover_img`,`grade`,`profile` FROM `news` WHERE ( grade=3 ) ORDER BY times DESC,utime DESC LIMIT 0,10   [ RunTime:0.0005s ]
SQL: SHOW COLUMNS FROM `admin` [ RunTime:0.0161s ]
SQL: SELECT `username` FROM `admin` WHERE ( id=1 ) LIMIT 1   [ RunTime:0.0004s ]
SQL: SELECT `username` FROM `admin` WHERE ( id=1 ) LIMIT 1   [ RunTime:0.0003s ]
SQL: SELECT `username` FROM `admin` WHERE ( id=1 ) LIMIT 1   [ RunTime:0.0002s ]
SQL: SELECT `username` FROM `admin` WHERE ( id=1 ) LIMIT 1   [ RunTime:0.0002s ]
SQL: SELECT `username` FROM `admin` WHERE ( id=1 ) LIMIT 1   [ RunTime:0.0003s ]
SQL: SELECT `username` FROM `admin` WHERE ( id=1 ) LIMIT 1   [ RunTime:0.0003s ]
SQL: SELECT `username` FROM `admin` WHERE ( id=1 ) LIMIT 1   [ RunTime:0.0003s ]
SQL: SELECT `username` FROM `admin` WHERE ( id=1 ) LIMIT 1   [ RunTime:0.0002s ]
SQL: SELECT `username` FROM `admin` WHERE ( id=1 ) LIMIT 1   [ RunTime:0.0002s ]
SQL: SELECT `username` FROM `admin` WHERE ( id=1 ) LIMIT 1   [ RunTime:0.0002s ]
SQL: SELECT `news_id`,`title`,`ctime`,`admin_id`,`source`,`cover_img`,`grade`,`profile` FROM `news` WHERE ( grade in (1,2) ) ORDER BY utime DESC  [ RunTime:0.0013s ]

[ 2017-12-01T15:36:17+08:00 ] 192.168.8.105 /index.php/News/cate_news
INFO: [ app_init ] --START--
INFO: Run Behavior\BuildLiteBehavior [ RunTime:0.000018s ]
INFO: [ app_init ] --END-- [ RunTime:0.000726s ]
INFO: [ app_begin ] --START--
INFO: Run Behavior\ReadHtmlCacheBehavior [ RunTime:0.000840s ]
INFO: [ app_begin ] --END-- [ RunTime:0.000909s ]
SQL: SHOW COLUMNS FROM `news` [ RunTime:0.0236s ]
SQL: SELECT news.news_id,news.title,news.times,news.ctime,news.admin_id,news.source,news.cover_img,news.grade,re.cate_id FROM `news` INNER JOIN relevance re on news.news_id = re.news_id  WHERE ( news.grade = 3 and re.cate_id=4 )  [ RunTime:0.0006s ]
SQL: SELECT news.news_id,news.title,news.times,news.ctime,news.admin_id,news.source,news.cover_img,news.grade,re.cate_id FROM `news` INNER JOIN relevance re on news.news_id = re.news_id  WHERE ( news.grade = 3 and re.cate_id=4 ) LIMIT 0,6   [ RunTime:0.0004s ]
SQL: SHOW COLUMNS FROM `admin` [ RunTime:0.0224s ]
SQL: SELECT `username` FROM `admin` WHERE ( id=1 ) LIMIT 1   [ RunTime:0.0003s ]
SQL: SELECT `username` FROM `admin` WHERE ( id=1 ) LIMIT 1   [ RunTime:0.0002s ]
SQL: SELECT `username` FROM `admin` WHERE ( id=1 ) LIMIT 1   [ RunTime:0.0002s ]
SQL: SELECT `username` FROM `admin` WHERE ( id=1 ) LIMIT 1   [ RunTime:0.0002s ]

[ 2017-12-01T15:36:18+08:00 ] 192.168.8.105 /index.php/News/new_detail
INFO: [ app_init ] --START--
INFO: Run Behavior\BuildLiteBehavior [ RunTime:0.000015s ]
INFO: [ app_init ] --END-- [ RunTime:0.000620s ]
INFO: [ app_begin ] --START--
INFO: Run Behavior\ReadHtmlCacheBehavior [ RunTime:0.000731s ]
INFO: [ app_begin ] --END-- [ RunTime:0.000792s ]
SQL: SHOW COLUMNS FROM `news` [ RunTime:0.0213s ]
SQL: SELECT `news_id`,`title`,`content`,`cover_img`,`admin_id`,`source`,`ctime`,`profile` FROM `news` WHERE ( news_id=1 ) LIMIT 1   [ RunTime:0.0003s ]
SQL: UPDATE `news` SET `times`=times+1 WHERE ( news_id=1 ) [ RunTime:0.0005s ]
SQL: SHOW COLUMNS FROM `admin` [ RunTime:0.0185s ]
SQL: SELECT `username` FROM `admin` WHERE ( id=1 ) LIMIT 1   [ RunTime:0.0003s ]

[ 2017-12-01T15:36:20+08:00 ] 192.168.8.105 /index.php/News/author_detail
INFO: [ app_init ] --START--
INFO: Run Behavior\BuildLiteBehavior [ RunTime:0.000014s ]
INFO: [ app_init ] --END-- [ RunTime:0.000638s ]
INFO: [ app_begin ] --START--
INFO: Run Behavior\ReadHtmlCacheBehavior [ RunTime:0.000599s ]
INFO: [ app_begin ] --END-- [ RunTime:0.000663s ]
SQL: SHOW COLUMNS FROM `news` [ RunTime:0.0262s ]
SQL: SHOW COLUMNS FROM `admin` [ RunTime:0.0227s ]
SQL: SELECT `admin_id` FROM `news` WHERE ( news_id=1 ) LIMIT 1   [ RunTime:0.0004s ]
SQL: SELECT admin.id,admin.username,admin.head_pic,admin.email,admin.introduce,count(*) count FROM `admin` LEFT JOIN  news on news.admin_id = admin.id   WHERE ( admin.id=1 ) GROUP BY news.admin_id  [ RunTime:0.0033s ]
SQL: SELECT COUNT(*) AS tp_count FROM `news` WHERE ( admin_id=1 ) LIMIT 1   [ RunTime:0.0004s ]
NOTIC: [2] Division by zero D:\item\Application\Home\Common\function.php 第 114 行.
SQL: SELECT `news_id`,`times`,`title`,`ctime`,`admin_id`,`source`,`profile`,`cover_img`,`grade` FROM `news` WHERE ( admin_id=1 ) ORDER BY ctime DESC  [ RunTime:0.0032s ]

[ 2017-12-01T15:36:21+08:00 ] 192.168.8.105 /index.php/News/get_comment
INFO: [ app_init ] --START--
INFO: Run Behavior\BuildLiteBehavior [ RunTime:0.000013s ]
INFO: [ app_init ] --END-- [ RunTime:0.000691s ]
INFO: [ app_begin ] --START--
INFO: Run Behavior\ReadHtmlCacheBehavior [ RunTime:0.000771s ]
INFO: [ app_begin ] --END-- [ RunTime:0.000828s ]
SQL: SHOW COLUMNS FROM `comment` [ RunTime:0.0353s ]
SQL: SELECT ct.id,ct.content,ct.ctime,u.uid,u.nickname,u.head_pic FROM comment ct LEFT JOIN  user u on ct.uid = u.uid   WHERE (  news_id=1  )  [ RunTime:0.0004s ]
SQL: SELECT ct.id,ct.content,ct.ctime,u.uid,u.nickname,u.head_pic FROM comment ct LEFT JOIN  user u on ct.uid = u.uid   WHERE (  news_id=1  ) ORDER BY ct.ctime DESC LIMIT 0,6   [ RunTime:0.0004s ]

[ 2017-12-01T15:36:22+08:00 ] 192.168.8.105 /index.php/News/get_comment
INFO: [ app_init ] --START--
INFO: Run Behavior\BuildLiteBehavior [ RunTime:0.000016s ]
INFO: [ app_init ] --END-- [ RunTime:0.000643s ]
INFO: [ app_begin ] --START--
INFO: Run Behavior\ReadHtmlCacheBehavior [ RunTime:0.000785s ]
INFO: [ app_begin ] --END-- [ RunTime:0.000856s ]
SQL: SHOW COLUMNS FROM `comment` [ RunTime:0.0675s ]
SQL: SELECT ct.id,ct.content,ct.ctime,u.uid,u.nickname,u.head_pic FROM comment ct LEFT JOIN  user u on ct.uid = u.uid   WHERE (  news_id=1  )  [ RunTime:0.0008s ]
SQL: SELECT ct.id,ct.content,ct.ctime,u.uid,u.nickname,u.head_pic FROM comment ct LEFT JOIN  user u on ct.uid = u.uid   WHERE (  news_id=1  ) ORDER BY ct.ctime DESC LIMIT 6,6   [ RunTime:0.0010s ]

