[ 2017-12-01T11:27:29+08:00 ] ::1 /admin.php/
INFO: [ app_init ] --START--
INFO: Run Behavior\BuildLiteBehavior [ RunTime:0.000013s ]
INFO: [ app_init ] --END-- [ RunTime:0.006252s ]
INFO: [ app_begin ] --START--
INFO: Run Behavior\ReadHtmlCacheBehavior [ RunTime:0.001279s ]
INFO: [ app_begin ] --END-- [ RunTime:0.001354s ]
INFO: [ view_parse ] --START--
INFO: [ template_filter ] --START--
INFO: Run Behavior\ContentReplaceBehavior [ RunTime:0.000056s ]
INFO: [ template_filter ] --END-- [ RunTime:0.000108s ]
INFO: Run Behavior\ParseTemplateBehavior [ RunTime:0.036311s ]
INFO: [ view_parse ] --END-- [ RunTime:0.037594s ]
INFO: [ view_filter ] --START--
INFO: Run Behavior\WriteHtmlCacheBehavior [ RunTime:0.001171s ]
INFO: [ view_filter ] --END-- [ RunTime:0.001249s ]
INFO: [ app_end ] --START--
INFO: Run Behavior\ShowPageTraceBehavior [ RunTime:0.001547s ]
INFO: [ app_end ] --END-- [ RunTime:0.001598s ]

[ 2017-12-01T11:27:31+08:00 ] ::1 /admin.php/login/login.html
INFO: [ app_init ] --START--
INFO: Run Behavior\BuildLiteBehavior [ RunTime:0.000011s ]
INFO: [ app_init ] --END-- [ RunTime:0.000448s ]
INFO: [ app_begin ] --START--
INFO: Run Behavior\ReadHtmlCacheBehavior [ RunTime:0.000638s ]
INFO: [ app_begin ] --END-- [ RunTime:0.000695s ]
SQL: SHOW COLUMNS FROM `admin` [ RunTime:0.0396s ]
SQL: SELECT `id`,`username`,`password`,`randnum` FROM `admin` WHERE `username` = 'admin' LIMIT 1   [ RunTime:0.0004s ]
INFO: [ view_parse ] --START--
INFO: [ template_filter ] --START--
INFO: Run Behavior\ContentReplaceBehavior [ RunTime:0.000266s ]
INFO: [ template_filter ] --END-- [ RunTime:0.000731s ]
INFO: Run Behavior\ParseTemplateBehavior [ RunTime:0.027826s ]
INFO: [ view_parse ] --END-- [ RunTime:0.027930s ]
INFO: [ view_filter ] --START--
INFO: Run Behavior\WriteHtmlCacheBehavior [ RunTime:0.000594s ]
INFO: [ view_filter ] --END-- [ RunTime:0.000642s ]
INFO: [ app_end ] --START--
INFO: Run Behavior\ShowPageTraceBehavior [ RunTime:0.003003s ]
INFO: [ app_end ] --END-- [ RunTime:0.003194s ]

[ 2017-12-01T11:27:34+08:00 ] ::1 /admin.php/index/index.html
INFO: [ app_init ] --START--
INFO: Run Behavior\BuildLiteBehavior [ RunTime:0.000022s ]
INFO: [ app_init ] --END-- [ RunTime:0.001544s ]
INFO: [ app_begin ] --START--
INFO: Run Behavior\ReadHtmlCacheBehavior [ RunTime:0.002364s ]
INFO: [ app_begin ] --END-- [ RunTime:0.002819s ]
INFO: [ view_parse ] --START--
INFO: [ template_filter ] --START--
INFO: Run Behavior\ContentReplaceBehavior [ RunTime:0.000148s ]
INFO: [ template_filter ] --END-- [ RunTime:0.000418s ]
INFO: Run Behavior\ParseTemplateBehavior [ RunTime:0.015714s ]
INFO: [ view_parse ] --END-- [ RunTime:0.015817s ]
INFO: [ view_filter ] --START--
INFO: Run Behavior\WriteHtmlCacheBehavior [ RunTime:0.000614s ]
INFO: [ view_filter ] --END-- [ RunTime:0.000669s ]
INFO: [ app_end ] --START--
INFO: Run Behavior\ShowPageTraceBehavior [ RunTime:0.000896s ]
INFO: [ app_end ] --END-- [ RunTime:0.000956s ]

[ 2017-12-01T11:27:36+08:00 ] ::1 /admin.php/Admin/admin_list.html
INFO: [ app_init ] --START--
INFO: Run Behavior\BuildLiteBehavior [ RunTime:0.000017s ]
INFO: [ app_init ] --END-- [ RunTime:0.000676s ]
INFO: [ app_begin ] --START--
INFO: Run Behavior\ReadHtmlCacheBehavior [ RunTime:0.000821s ]
INFO: [ app_begin ] --END-- [ RunTime:0.000891s ]
NOTIC: [8] Undefined index: username D:\item\Application\Admin\Controller\AdminController.class.php 第 10 行.
NOTIC: [8] Undefined index: start D:\item\Application\Admin\Controller\AdminController.class.php 第 12 行.
NOTIC: [8] Undefined index: end D:\item\Application\Admin\Controller\AdminController.class.php 第 15 行.
NOTIC: [8] Undefined index: username D:\item\Application\Admin\Controller\AdminController.class.php 第 18 行.
NOTIC: [8] Undefined index: grade D:\item\Application\Admin\Controller\AdminController.class.php 第 21 行.
SQL: SHOW COLUMNS FROM `admin` [ RunTime:0.0361s ]
NOTIC: [8] Undefined index: start D:\item\Application\Admin\Controller\AdminController.class.php 第 25 行.
NOTIC: [8] Undefined index: end D:\item\Application\Admin\Controller\AdminController.class.php 第 25 行.
NOTIC: [8] Undefined index: grade D:\item\Application\Admin\Controller\AdminController.class.php 第 25 行.
SQL: SELECT COUNT(*) AS tp_count FROM `admin` WHERE ( 1=1 and is_del = 0 ) ORDER BY utime DESC LIMIT 1   [ RunTime:0.0045s ]
SQL: SELECT * FROM `admin` WHERE ( 1=1 and is_del = 0 ) ORDER BY utime DESC LIMIT 0,10   [ RunTime:0.0059s ]
INFO: [ view_parse ] --START--
INFO: [ template_filter ] --START--
INFO: Run Behavior\ContentReplaceBehavior [ RunTime:0.000184s ]
INFO: [ template_filter ] --END-- [ RunTime:0.000251s ]
NOTIC: [8] Undefined index: start D:\item\Application\Runtime\Cache\Admin\3226f918dacc74d0e61fbe12999479d2.php 第 38 行.
NOTIC: [8] Undefined index: end D:\item\Application\Runtime\Cache\Admin\3226f918dacc74d0e61fbe12999479d2.php 第 39 行.
NOTIC: [8] Undefined index: username D:\item\Application\Runtime\Cache\Admin\3226f918dacc74d0e61fbe12999479d2.php 第 40 行.
NOTIC: [8] Undefined index: grade D:\item\Application\Runtime\Cache\Admin\3226f918dacc74d0e61fbe12999479d2.php 第 44 行.
NOTIC: [8] Undefined index: grade D:\item\Application\Runtime\Cache\Admin\3226f918dacc74d0e61fbe12999479d2.php 第 45 行.
INFO: Run Behavior\ParseTemplateBehavior [ RunTime:0.047306s ]
INFO: [ view_parse ] --END-- [ RunTime:0.047378s ]
INFO: [ view_filter ] --START--
INFO: Run Behavior\WriteHtmlCacheBehavior [ RunTime:0.000891s ]
INFO: [ view_filter ] --END-- [ RunTime:0.000952s ]
INFO: [ app_end ] --START--
INFO: Run Behavior\ShowPageTraceBehavior [ RunTime:0.001221s ]
INFO: [ app_end ] --END-- [ RunTime:0.001432s ]

